2014/05/05 18:20:46 [error] [exception.CDbException] exception 'CDbException' with message 'CDbConnection failed to open the DB connection: SQLSTATE[28000] [1045] Access denied for user 'jugador'@'localhost' (using password: YES)' in /var/www/yii/framework/db/CDbConnection.php:382
Stack trace:
#0 /var/www/yii/framework/db/CDbConnection.php(330): CDbConnection->open()
#1 /var/www/yii/framework/db/CDbConnection.php(308): CDbConnection->setActive(true)
#2 /var/www/yii/framework/base/CModule.php(387): CDbConnection->init()
#3 /var/www/yii/framework/base/CModule.php(103): CModule->getComponent('db')
#4 /var/www/yii/framework/gii/generators/model/ModelCode.php(60): CModule->__get('db')
#5 /var/www/yii/framework/web/CFormModel.php(39): ModelCode->init()
#6 /var/www/yii/framework/gii/CCodeGenerator.php(153): CFormModel->__construct()
#7 /var/www/yii/framework/gii/CCodeGenerator.php(63): CCodeGenerator->prepare()
#8 /var/www/yii/framework/web/actions/CInlineAction.php(49): CCodeGenerator->actionIndex()
#9 /var/www/yii/framework/web/CController.php(308): CInlineAction->runWithParams(Array)
#10 /var/www/yii/framework/web/CController.php(286): CController->runAction(Object(CInlineAction))
#11 /var/www/yii/framework/web/CController.php(265): CController->runActionWithFilters(Object(CInlineAction), Array)
#12 /var/www/yii/framework/web/CWebApplication.php(282): CController->run('index')
#13 /var/www/yii/framework/web/CWebApplication.php(141): CWebApplication->runController('gii/model/index')
#14 /var/www/yii/framework/base/CApplication.php(180): CWebApplication->processRequest()
#15 /var/www/joc/index.php(13): CApplication->run()
#16 {main}
REQUEST_URI=/joc/index.php?r=gii/model/index
HTTP_REFERER=http://10.100.123.207/joc/index.php?r=gii/default/index
---
2014/05/05 18:24:23 [error] [system.db.CDbCommand] CDbCommand::fetchAll() failed: SQLSTATE[42S02]: Base table or view not found: 1146 Table 'joc.usuaris' doesn't exist. The SQL statement executed was: SHOW FULL COLUMNS FROM `usuaris`.
in /var/www/joc/index.php (13)
2014/05/05 18:30:42 [error] [exception.CHttpException.404] exception 'CHttpException' with message 'The system is unable to find the requested action "usuaris".' in /var/www/yii/framework/web/CController.php:483
Stack trace:
#0 /var/www/yii/framework/web/CController.php(270): CController->missingAction('usuaris')
#1 /var/www/yii/framework/web/CWebApplication.php(282): CController->run('usuaris')
#2 /var/www/yii/framework/web/CWebApplication.php(141): CWebApplication->runController('site/usuaris')
#3 /var/www/yii/framework/base/CApplication.php(180): CWebApplication->processRequest()
#4 /var/www/joc/index.php(13): CApplication->run()
#5 {main}
REQUEST_URI=/joc/index.php?r=site/usuaris
---
2014/05/06 16:27:30 [error] [exception.CHttpException.404] exception 'CHttpException' with message 'Unable to resolve the request "jugador".' in /var/www/yii/framework/web/CWebApplication.php:286
Stack trace:
#0 /var/www/yii/framework/web/CWebApplication.php(141): CWebApplication->runController('jugador')
#1 /var/www/yii/framework/base/CApplication.php(180): CWebApplication->processRequest()
#2 /var/www/joc/index.php(13): CApplication->run()
#3 {main}
REQUEST_URI=/joc/index.php?r=jugador
---
2014/05/06 16:27:33 [error] [exception.CHttpException.404] exception 'CHttpException' with message 'Unable to resolve the request "jugadors".' in /var/www/yii/framework/web/CWebApplication.php:286
Stack trace:
#0 /var/www/yii/framework/web/CWebApplication.php(141): CWebApplication->runController('jugadors')
#1 /var/www/yii/framework/base/CApplication.php(180): CWebApplication->processRequest()
#2 /var/www/joc/index.php(13): CApplication->run()
#3 {main}
REQUEST_URI=/joc/index.php?r=jugadors
---
2014/05/06 17:45:43 [error] [php] Trying to get property of non-object (/var/www/joc/protected/views/layouts/main.php:8)
Stack trace:
#0 /var/www/yii/framework/web/widgets/CContentDecorator.php(76): SiteController->renderFile()
#1 /var/www/yii/framework/web/widgets/CContentDecorator.php(54): CContentDecorator->decorate()
#2 /var/www/yii/framework/web/widgets/COutputProcessor.php(44): CContentDecorator->processOutput()
#3 /var/www/yii/framework/web/CBaseController.php(206): CContentDecorator->run()
#4 /var/www/yii/framework/web/CBaseController.php(300): SiteController->endWidget()
#5 /var/www/joc/protected/views/layouts/column1.php(6): SiteController->endContent()
#6 /var/www/yii/framework/web/CBaseController.php(126): require()
#7 /var/www/yii/framework/web/CBaseController.php(95): SiteController->renderInternal()
#8 /var/www/yii/framework/web/CController.php(784): SiteController->renderFile()
#9 /var/www/joc/protected/controllers/SiteController.php(32): SiteController->render()
#10 /var/www/yii/framework/web/actions/CInlineAction.php(49): SiteController->actionIndex()
#11 /var/www/yii/framework/web/CController.php(308): CInlineAction->runWithParams()
#12 /var/www/yii/framework/web/CController.php(286): SiteController->runAction()
#13 /var/www/yii/framework/web/CController.php(265): SiteController->runActionWithFilters()
#14 /var/www/yii/framework/web/CWebApplication.php(282): SiteController->run()
#15 /var/www/yii/framework/web/CWebApplication.php(141): CWebApplication->runController()
#16 /var/www/yii/framework/base/CApplication.php(180): CWebApplication->processRequest()
#17 /var/www/joc/index.php(13): CWebApplication->run()
REQUEST_URI=/joc/index.php?r=site/index
in /var/www/joc/protected/views/layouts/main.php (8)
in /var/www/joc/protected/views/layouts/column1.php (6)
in /var/www/joc/protected/controllers/SiteController.php (32)
2014/05/06 17:48:12 [error] [php] Trying to get property of non-object (/var/www/joc/protected/views/layouts/main.php:8)
Stack trace:
#0 /var/www/yii/framework/web/widgets/CContentDecorator.php(76): SiteController->renderFile()
#1 /var/www/yii/framework/web/widgets/CContentDecorator.php(54): CContentDecorator->decorate()
#2 /var/www/yii/framework/web/widgets/COutputProcessor.php(44): CContentDecorator->processOutput()
#3 /var/www/yii/framework/web/CBaseController.php(206): CContentDecorator->run()
#4 /var/www/yii/framework/web/CBaseController.php(300): SiteController->endWidget()
#5 /var/www/joc/protected/views/layouts/column1.php(6): SiteController->endContent()
#6 /var/www/yii/framework/web/CBaseController.php(126): require()
#7 /var/www/yii/framework/web/CBaseController.php(95): SiteController->renderInternal()
#8 /var/www/yii/framework/web/CController.php(784): SiteController->renderFile()
#9 /var/www/joc/protected/controllers/SiteController.php(32): SiteController->render()
#10 /var/www/yii/framework/web/actions/CInlineAction.php(49): SiteController->actionIndex()
#11 /var/www/yii/framework/web/CController.php(308): CInlineAction->runWithParams()
#12 /var/www/yii/framework/web/CController.php(286): SiteController->runAction()
#13 /var/www/yii/framework/web/CController.php(265): SiteController->runActionWithFilters()
#14 /var/www/yii/framework/web/CWebApplication.php(282): SiteController->run()
#15 /var/www/yii/framework/web/CWebApplication.php(141): CWebApplication->runController()
#16 /var/www/yii/framework/base/CApplication.php(180): CWebApplication->processRequest()
#17 /var/www/joc/index.php(13): CWebApplication->run()
REQUEST_URI=/joc/index.php?r=site/index
in /var/www/joc/protected/views/layouts/main.php (8)
in /var/www/joc/protected/views/layouts/column1.php (6)
in /var/www/joc/protected/controllers/SiteController.php (32)
2014/05/06 17:48:13 [error] [php] Trying to get property of non-object (/var/www/joc/protected/views/layouts/main.php:8)
Stack trace:
#0 /var/www/yii/framework/web/widgets/CContentDecorator.php(76): SiteController->renderFile()
#1 /var/www/yii/framework/web/widgets/CContentDecorator.php(54): CContentDecorator->decorate()
#2 /var/www/yii/framework/web/widgets/COutputProcessor.php(44): CContentDecorator->processOutput()
#3 /var/www/yii/framework/web/CBaseController.php(206): CContentDecorator->run()
#4 /var/www/yii/framework/web/CBaseController.php(300): SiteController->endWidget()
#5 /var/www/joc/protected/views/layouts/column1.php(6): SiteController->endContent()
#6 /var/www/yii/framework/web/CBaseController.php(126): require()
#7 /var/www/yii/framework/web/CBaseController.php(95): SiteController->renderInternal()
#8 /var/www/yii/framework/web/CController.php(784): SiteController->renderFile()
#9 /var/www/joc/protected/controllers/SiteController.php(32): SiteController->render()
#10 /var/www/yii/framework/web/actions/CInlineAction.php(49): SiteController->actionIndex()
#11 /var/www/yii/framework/web/CController.php(308): CInlineAction->runWithParams()
#12 /var/www/yii/framework/web/CController.php(286): SiteController->runAction()
#13 /var/www/yii/framework/web/CController.php(265): SiteController->runActionWithFilters()
#14 /var/www/yii/framework/web/CWebApplication.php(282): SiteController->run()
#15 /var/www/yii/framework/web/CWebApplication.php(141): CWebApplication->runController()
#16 /var/www/yii/framework/base/CApplication.php(180): CWebApplication->processRequest()
#17 /var/www/joc/index.php(13): CWebApplication->run()
REQUEST_URI=/joc/index.php?r=site/index
in /var/www/joc/protected/views/layouts/main.php (8)
in /var/www/joc/protected/views/layouts/column1.php (6)
in /var/www/joc/protected/controllers/SiteController.php (32)
2014/05/06 17:48:14 [error] [php] Trying to get property of non-object (/var/www/joc/protected/views/layouts/main.php:8)
Stack trace:
#0 /var/www/yii/framework/web/widgets/CContentDecorator.php(76): SiteController->renderFile()
#1 /var/www/yii/framework/web/widgets/CContentDecorator.php(54): CContentDecorator->decorate()
#2 /var/www/yii/framework/web/widgets/COutputProcessor.php(44): CContentDecorator->processOutput()
#3 /var/www/yii/framework/web/CBaseController.php(206): CContentDecorator->run()
#4 /var/www/yii/framework/web/CBaseController.php(300): SiteController->endWidget()
#5 /var/www/joc/protected/views/layouts/column1.php(6): SiteController->endContent()
#6 /var/www/yii/framework/web/CBaseController.php(126): require()
#7 /var/www/yii/framework/web/CBaseController.php(95): SiteController->renderInternal()
#8 /var/www/yii/framework/web/CController.php(784): SiteController->renderFile()
#9 /var/www/joc/protected/controllers/SiteController.php(32): SiteController->render()
#10 /var/www/yii/framework/web/actions/CInlineAction.php(49): SiteController->actionIndex()
#11 /var/www/yii/framework/web/CController.php(308): CInlineAction->runWithParams()
#12 /var/www/yii/framework/web/CController.php(286): SiteController->runAction()
#13 /var/www/yii/framework/web/CController.php(265): SiteController->runActionWithFilters()
#14 /var/www/yii/framework/web/CWebApplication.php(282): SiteController->run()
#15 /var/www/yii/framework/web/CWebApplication.php(141): CWebApplication->runController()
#16 /var/www/yii/framework/base/CApplication.php(180): CWebApplication->processRequest()
#17 /var/www/joc/index.php(13): CWebApplication->run()
REQUEST_URI=/joc/index.php?r=site/index
in /var/www/joc/protected/views/layouts/main.php (8)
in /var/www/joc/protected/views/layouts/column1.php (6)
in /var/www/joc/protected/controllers/SiteController.php (32)
2014/05/06 17:48:14 [error] [php] Trying to get property of non-object (/var/www/joc/protected/views/layouts/main.php:8)
Stack trace:
#0 /var/www/yii/framework/web/widgets/CContentDecorator.php(76): SiteController->renderFile()
#1 /var/www/yii/framework/web/widgets/CContentDecorator.php(54): CContentDecorator->decorate()
#2 /var/www/yii/framework/web/widgets/COutputProcessor.php(44): CContentDecorator->processOutput()
#3 /var/www/yii/framework/web/CBaseController.php(206): CContentDecorator->run()
#4 /var/www/yii/framework/web/CBaseController.php(300): SiteController->endWidget()
#5 /var/www/joc/protected/views/layouts/column1.php(6): SiteController->endContent()
#6 /var/www/yii/framework/web/CBaseController.php(126): require()
#7 /var/www/yii/framework/web/CBaseController.php(95): SiteController->renderInternal()
#8 /var/www/yii/framework/web/CController.php(784): SiteController->renderFile()
#9 /var/www/joc/protected/controllers/SiteController.php(32): SiteController->render()
#10 /var/www/yii/framework/web/actions/CInlineAction.php(49): SiteController->actionIndex()
#11 /var/www/yii/framework/web/CController.php(308): CInlineAction->runWithParams()
#12 /var/www/yii/framework/web/CController.php(286): SiteController->runAction()
#13 /var/www/yii/framework/web/CController.php(265): SiteController->runActionWithFilters()
#14 /var/www/yii/framework/web/CWebApplication.php(282): SiteController->run()
#15 /var/www/yii/framework/web/CWebApplication.php(141): CWebApplication->runController()
#16 /var/www/yii/framework/base/CApplication.php(180): CWebApplication->processRequest()
#17 /var/www/joc/index.php(13): CWebApplication->run()
REQUEST_URI=/joc/index.php?r=site/index
in /var/www/joc/protected/views/layouts/main.php (8)
in /var/www/joc/protected/views/layouts/column1.php (6)
in /var/www/joc/protected/controllers/SiteController.php (32)
2014/05/06 17:48:15 [error] [php] Trying to get property of non-object (/var/www/joc/protected/views/layouts/main.php:8)
Stack trace:
#0 /var/www/yii/framework/web/widgets/CContentDecorator.php(76): SiteController->renderFile()
#1 /var/www/yii/framework/web/widgets/CContentDecorator.php(54): CContentDecorator->decorate()
#2 /var/www/yii/framework/web/widgets/COutputProcessor.php(44): CContentDecorator->processOutput()
#3 /var/www/yii/framework/web/CBaseController.php(206): CContentDecorator->run()
#4 /var/www/yii/framework/web/CBaseController.php(300): SiteController->endWidget()
#5 /var/www/joc/protected/views/layouts/column1.php(6): SiteController->endContent()
#6 /var/www/yii/framework/web/CBaseController.php(126): require()
#7 /var/www/yii/framework/web/CBaseController.php(95): SiteController->renderInternal()
#8 /var/www/yii/framework/web/CController.php(784): SiteController->renderFile()
#9 /var/www/joc/protected/controllers/SiteController.php(32): SiteController->render()
#10 /var/www/yii/framework/web/actions/CInlineAction.php(49): SiteController->actionIndex()
#11 /var/www/yii/framework/web/CController.php(308): CInlineAction->runWithParams()
#12 /var/www/yii/framework/web/CController.php(286): SiteController->runAction()
#13 /var/www/yii/framework/web/CController.php(265): SiteController->runActionWithFilters()
#14 /var/www/yii/framework/web/CWebApplication.php(282): SiteController->run()
#15 /var/www/yii/framework/web/CWebApplication.php(141): CWebApplication->runController()
#16 /var/www/yii/framework/base/CApplication.php(180): CWebApplication->processRequest()
#17 /var/www/joc/index.php(13): CWebApplication->run()
REQUEST_URI=/joc/index.php?r=site/index
in /var/www/joc/protected/views/layouts/main.php (8)
in /var/www/joc/protected/views/layouts/column1.php (6)
in /var/www/joc/protected/controllers/SiteController.php (32)
2014/05/06 17:48:15 [error] [php] Trying to get property of non-object (/var/www/joc/protected/views/layouts/main.php:8)
Stack trace:
#0 /var/www/yii/framework/web/widgets/CContentDecorator.php(76): SiteController->renderFile()
#1 /var/www/yii/framework/web/widgets/CContentDecorator.php(54): CContentDecorator->decorate()
#2 /var/www/yii/framework/web/widgets/COutputProcessor.php(44): CContentDecorator->processOutput()
#3 /var/www/yii/framework/web/CBaseController.php(206): CContentDecorator->run()
#4 /var/www/yii/framework/web/CBaseController.php(300): SiteController->endWidget()
#5 /var/www/joc/protected/views/layouts/column1.php(6): SiteController->endContent()
#6 /var/www/yii/framework/web/CBaseController.php(126): require()
#7 /var/www/yii/framework/web/CBaseController.php(95): SiteController->renderInternal()
#8 /var/www/yii/framework/web/CController.php(784): SiteController->renderFile()
#9 /var/www/joc/protected/controllers/SiteController.php(32): SiteController->render()
#10 /var/www/yii/framework/web/actions/CInlineAction.php(49): SiteController->actionIndex()
#11 /var/www/yii/framework/web/CController.php(308): CInlineAction->runWithParams()
#12 /var/www/yii/framework/web/CController.php(286): SiteController->runAction()
#13 /var/www/yii/framework/web/CController.php(265): SiteController->runActionWithFilters()
#14 /var/www/yii/framework/web/CWebApplication.php(282): SiteController->run()
#15 /var/www/yii/framework/web/CWebApplication.php(141): CWebApplication->runController()
#16 /var/www/yii/framework/base/CApplication.php(180): CWebApplication->processRequest()
#17 /var/www/joc/index.php(13): CWebApplication->run()
REQUEST_URI=/joc/index.php?r=site/index
in /var/www/joc/protected/views/layouts/main.php (8)
in /var/www/joc/protected/views/layouts/column1.php (6)
in /var/www/joc/protected/controllers/SiteController.php (32)
2014/05/06 17:48:16 [error] [php] Trying to get property of non-object (/var/www/joc/protected/views/layouts/main.php:8)
Stack trace:
#0 /var/www/yii/framework/web/widgets/CContentDecorator.php(76): SiteController->renderFile()
#1 /var/www/yii/framework/web/widgets/CContentDecorator.php(54): CContentDecorator->decorate()
#2 /var/www/yii/framework/web/widgets/COutputProcessor.php(44): CContentDecorator->processOutput()
#3 /var/www/yii/framework/web/CBaseController.php(206): CContentDecorator->run()
#4 /var/www/yii/framework/web/CBaseController.php(300): SiteController->endWidget()
#5 /var/www/joc/protected/views/layouts/column1.php(6): SiteController->endContent()
#6 /var/www/yii/framework/web/CBaseController.php(126): require()
#7 /var/www/yii/framework/web/CBaseController.php(95): SiteController->renderInternal()
#8 /var/www/yii/framework/web/CController.php(784): SiteController->renderFile()
#9 /var/www/joc/protected/controllers/SiteController.php(32): SiteController->render()
#10 /var/www/yii/framework/web/actions/CInlineAction.php(49): SiteController->actionIndex()
#11 /var/www/yii/framework/web/CController.php(308): CInlineAction->runWithParams()
#12 /var/www/yii/framework/web/CController.php(286): SiteController->runAction()
#13 /var/www/yii/framework/web/CController.php(265): SiteController->runActionWithFilters()
#14 /var/www/yii/framework/web/CWebApplication.php(282): SiteController->run()
#15 /var/www/yii/framework/web/CWebApplication.php(141): CWebApplication->runController()
#16 /var/www/yii/framework/base/CApplication.php(180): CWebApplication->processRequest()
#17 /var/www/joc/index.php(13): CWebApplication->run()
REQUEST_URI=/joc/index.php?r=site/index
in /var/www/joc/protected/views/layouts/main.php (8)
in /var/www/joc/protected/views/layouts/column1.php (6)
in /var/www/joc/protected/controllers/SiteController.php (32)
2014/05/06 17:48:16 [error] [php] Trying to get property of non-object (/var/www/joc/protected/views/layouts/main.php:8)
Stack trace:
#0 /var/www/yii/framework/web/widgets/CContentDecorator.php(76): SiteController->renderFile()
#1 /var/www/yii/framework/web/widgets/CContentDecorator.php(54): CContentDecorator->decorate()
#2 /var/www/yii/framework/web/widgets/COutputProcessor.php(44): CContentDecorator->processOutput()
#3 /var/www/yii/framework/web/CBaseController.php(206): CContentDecorator->run()
#4 /var/www/yii/framework/web/CBaseController.php(300): SiteController->endWidget()
#5 /var/www/joc/protected/views/layouts/column1.php(6): SiteController->endContent()
#6 /var/www/yii/framework/web/CBaseController.php(126): require()
#7 /var/www/yii/framework/web/CBaseController.php(95): SiteController->renderInternal()
#8 /var/www/yii/framework/web/CController.php(784): SiteController->renderFile()
#9 /var/www/joc/protected/controllers/SiteController.php(32): SiteController->render()
#10 /var/www/yii/framework/web/actions/CInlineAction.php(49): SiteController->actionIndex()
#11 /var/www/yii/framework/web/CController.php(308): CInlineAction->runWithParams()
#12 /var/www/yii/framework/web/CController.php(286): SiteController->runAction()
#13 /var/www/yii/framework/web/CController.php(265): SiteController->runActionWithFilters()
#14 /var/www/yii/framework/web/CWebApplication.php(282): SiteController->run()
#15 /var/www/yii/framework/web/CWebApplication.php(141): CWebApplication->runController()
#16 /var/www/yii/framework/base/CApplication.php(180): CWebApplication->processRequest()
#17 /var/www/joc/index.php(13): CWebApplication->run()
REQUEST_URI=/joc/index.php?r=site/index
in /var/www/joc/protected/views/layouts/main.php (8)
in /var/www/joc/protected/views/layouts/column1.php (6)
in /var/www/joc/protected/controllers/SiteController.php (32)
2014/05/06 17:48:54 [error] [php] Trying to get property of non-object (/var/www/joc/protected/views/layouts/main.php:2)
Stack trace:
#0 /var/www/yii/framework/web/widgets/CContentDecorator.php(76): SiteController->renderFile()
#1 /var/www/yii/framework/web/widgets/CContentDecorator.php(54): CContentDecorator->decorate()
#2 /var/www/yii/framework/web/widgets/COutputProcessor.php(44): CContentDecorator->processOutput()
#3 /var/www/yii/framework/web/CBaseController.php(206): CContentDecorator->run()
#4 /var/www/yii/framework/web/CBaseController.php(300): SiteController->endWidget()
#5 /var/www/joc/protected/views/layouts/column1.php(6): SiteController->endContent()
#6 /var/www/yii/framework/web/CBaseController.php(126): require()
#7 /var/www/yii/framework/web/CBaseController.php(95): SiteController->renderInternal()
#8 /var/www/yii/framework/web/CController.php(784): SiteController->renderFile()
#9 /var/www/joc/protected/controllers/SiteController.php(32): SiteController->render()
#10 /var/www/yii/framework/web/actions/CInlineAction.php(49): SiteController->actionIndex()
#11 /var/www/yii/framework/web/CController.php(308): CInlineAction->runWithParams()
#12 /var/www/yii/framework/web/CController.php(286): SiteController->runAction()
#13 /var/www/yii/framework/web/CController.php(265): SiteController->runActionWithFilters()
#14 /var/www/yii/framework/web/CWebApplication.php(282): SiteController->run()
#15 /var/www/yii/framework/web/CWebApplication.php(141): CWebApplication->runController()
#16 /var/www/yii/framework/base/CApplication.php(180): CWebApplication->processRequest()
#17 /var/www/joc/index.php(13): CWebApplication->run()
REQUEST_URI=/joc/index.php?r=site/index
in /var/www/joc/protected/views/layouts/main.php (2)
in /var/www/joc/protected/views/layouts/column1.php (6)
in /var/www/joc/protected/controllers/SiteController.php (32)
2014/05/06 17:49:09 [error] [php] Trying to get property of non-object (/var/www/joc/protected/views/layouts/main.php:2)
Stack trace:
#0 /var/www/yii/framework/web/widgets/CContentDecorator.php(76): SiteController->renderFile()
#1 /var/www/yii/framework/web/widgets/CContentDecorator.php(54): CContentDecorator->decorate()
#2 /var/www/yii/framework/web/widgets/COutputProcessor.php(44): CContentDecorator->processOutput()
#3 /var/www/yii/framework/web/CBaseController.php(206): CContentDecorator->run()
#4 /var/www/yii/framework/web/CBaseController.php(300): SiteController->endWidget()
#5 /var/www/joc/protected/views/layouts/column1.php(6): SiteController->endContent()
#6 /var/www/yii/framework/web/CBaseController.php(126): require()
#7 /var/www/yii/framework/web/CBaseController.php(95): SiteController->renderInternal()
#8 /var/www/yii/framework/web/CController.php(784): SiteController->renderFile()
#9 /var/www/joc/protected/controllers/SiteController.php(32): SiteController->render()
#10 /var/www/yii/framework/web/actions/CInlineAction.php(49): SiteController->actionIndex()
#11 /var/www/yii/framework/web/CController.php(308): CInlineAction->runWithParams()
#12 /var/www/yii/framework/web/CController.php(286): SiteController->runAction()
#13 /var/www/yii/framework/web/CController.php(265): SiteController->runActionWithFilters()
#14 /var/www/yii/framework/web/CWebApplication.php(282): SiteController->run()
#15 /var/www/yii/framework/web/CWebApplication.php(141): CWebApplication->runController()
#16 /var/www/yii/framework/base/CApplication.php(180): CWebApplication->processRequest()
#17 /var/www/joc/index.php(13): CWebApplication->run()
REQUEST_URI=/joc/index.php?r=site/index
in /var/www/joc/protected/views/layouts/main.php (2)
in /var/www/joc/protected/views/layouts/column1.php (6)
in /var/www/joc/protected/controllers/SiteController.php (32)
2014/05/06 17:49:23 [error] [php] Trying to get property of non-object (/var/www/joc/protected/views/layouts/main.php:10)
Stack trace:
#0 /var/www/yii/framework/web/widgets/CContentDecorator.php(76): SiteController->renderFile()
#1 /var/www/yii/framework/web/widgets/CContentDecorator.php(54): CContentDecorator->decorate()
#2 /var/www/yii/framework/web/widgets/COutputProcessor.php(44): CContentDecorator->processOutput()
#3 /var/www/yii/framework/web/CBaseController.php(206): CContentDecorator->run()
#4 /var/www/yii/framework/web/CBaseController.php(300): SiteController->endWidget()
#5 /var/www/joc/protected/views/layouts/column1.php(6): SiteController->endContent()
#6 /var/www/yii/framework/web/CBaseController.php(126): require()
#7 /var/www/yii/framework/web/CBaseController.php(95): SiteController->renderInternal()
#8 /var/www/yii/framework/web/CController.php(784): SiteController->renderFile()
#9 /var/www/joc/protected/controllers/SiteController.php(32): SiteController->render()
#10 /var/www/yii/framework/web/actions/CInlineAction.php(49): SiteController->actionIndex()
#11 /var/www/yii/framework/web/CController.php(308): CInlineAction->runWithParams()
#12 /var/www/yii/framework/web/CController.php(286): SiteController->runAction()
#13 /var/www/yii/framework/web/CController.php(265): SiteController->runActionWithFilters()
#14 /var/www/yii/framework/web/CWebApplication.php(282): SiteController->run()
#15 /var/www/yii/framework/web/CWebApplication.php(141): CWebApplication->runController()
#16 /var/www/yii/framework/base/CApplication.php(180): CWebApplication->processRequest()
#17 /var/www/joc/index.php(13): CWebApplication->run()
REQUEST_URI=/joc/index.php?r=site/index
in /var/www/joc/protected/views/layouts/main.php (10)
in /var/www/joc/protected/views/layouts/column1.php (6)
in /var/www/joc/protected/controllers/SiteController.php (32)
2014/05/06 17:51:06 [error] [php] Trying to get property of non-object (/var/www/joc/protected/views/layouts/main.php:8)
Stack trace:
#0 /var/www/yii/framework/web/widgets/CContentDecorator.php(76): SiteController->renderFile()
#1 /var/www/yii/framework/web/widgets/CContentDecorator.php(54): CContentDecorator->decorate()
#2 /var/www/yii/framework/web/widgets/COutputProcessor.php(44): CContentDecorator->processOutput()
#3 /var/www/yii/framework/web/CBaseController.php(206): CContentDecorator->run()
#4 /var/www/yii/framework/web/CBaseController.php(300): SiteController->endWidget()
#5 /var/www/joc/protected/views/layouts/column1.php(6): SiteController->endContent()
#6 /var/www/yii/framework/web/CBaseController.php(126): require()
#7 /var/www/yii/framework/web/CBaseController.php(95): SiteController->renderInternal()
#8 /var/www/yii/framework/web/CController.php(784): SiteController->renderFile()
#9 /var/www/joc/protected/controllers/SiteController.php(32): SiteController->render()
#10 /var/www/yii/framework/web/actions/CInlineAction.php(49): SiteController->actionIndex()
#11 /var/www/yii/framework/web/CController.php(308): CInlineAction->runWithParams()
#12 /var/www/yii/framework/web/CController.php(286): SiteController->runAction()
#13 /var/www/yii/framework/web/CController.php(265): SiteController->runActionWithFilters()
#14 /var/www/yii/framework/web/CWebApplication.php(282): SiteController->run()
#15 /var/www/yii/framework/web/CWebApplication.php(141): CWebApplication->runController()
#16 /var/www/yii/framework/base/CApplication.php(180): CWebApplication->processRequest()
#17 /var/www/joc/index.php(13): CWebApplication->run()
REQUEST_URI=/joc/index.php?r=site/index
in /var/www/joc/protected/views/layouts/main.php (8)
in /var/www/joc/protected/views/layouts/column1.php (6)
in /var/www/joc/protected/controllers/SiteController.php (32)
2014/05/07 21:36:37 [error] [exception.CException] exception 'CException' with message 'El alias "application.modules.cruge.components.CrugeWebUser" es inválido. Asegúrese de que apunta a un archivo PHP existente y que el archivo tiene permisos de lectura.' in /var/www/yii/framework/YiiBase.php:322
Stack trace:
#0 /var/www/yii/framework/YiiBase.php(196): YiiBase::import('application.mod...', true)
#1 /var/www/yii/framework/base/CModule.php(386): YiiBase::createComponent(Array)
#2 /var/www/yii/framework/base/CModule.php(103): CModule->getComponent('user')
#3 /var/www/joc/protected/views/layouts/main.php(37): CModule->__get('user')
#4 /var/www/yii/framework/web/CBaseController.php(126): require('/var/www/joc/pr...')
#5 /var/www/yii/framework/web/CBaseController.php(95): CBaseController->renderInternal('/var/www/joc/pr...', Array, true)
#6 /var/www/yii/framework/web/widgets/CContentDecorator.php(76): CBaseController->renderFile('/var/www/joc/pr...', Array, true)
#7 /var/www/yii/framework/web/widgets/CContentDecorator.php(54): CContentDecorator->decorate('<div id="conten...')
#8 /var/www/yii/framework/web/widgets/COutputProcessor.php(44): CContentDecorator->processOutput('<div id="conten...')
#9 /var/www/yii/framework/web/CBaseController.php(206): COutputProcessor->run()
#10 /var/www/yii/framework/web/CBaseController.php(300): CBaseController->endWidget('CContentDecorat...')
#11 /var/www/joc/protected/views/layouts/column1.php(6): CBaseController->endContent()
#12 /var/www/yii/framework/web/CBaseController.php(126): require('/var/www/joc/pr...')
#13 /var/www/yii/framework/web/CBaseController.php(95): CBaseController->renderInternal('/var/www/joc/pr...', Array, true)
#14 /var/www/yii/framework/web/CController.php(784): CBaseController->renderFile('/var/www/joc/pr...', Array, true)
#15 /var/www/joc/protected/controllers/SiteController.php(98): CController->render('login', Array)
#16 /var/www/yii/framework/web/actions/CInlineAction.php(49): SiteController->actionLogin()
#17 /var/www/yii/framework/web/CController.php(308): CInlineAction->runWithParams(Array)
#18 /var/www/yii/framework/web/CController.php(286): CController->runAction(Object(CInlineAction))
#19 /var/www/yii/framework/web/CController.php(265): CController->runActionWithFilters(Object(CInlineAction), Array)
#20 /var/www/yii/framework/web/CWebApplication.php(282): CController->run('login')
#21 /var/www/yii/framework/web/CWebApplication.php(141): CWebApplication->runController('site/login')
#22 /var/www/yii/framework/base/CApplication.php(180): CWebApplication->processRequest()
#23 /var/www/joc/index.php(13): CApplication->run()
#24 {main}
REQUEST_URI=/joc/index.php?r=site/login
HTTP_REFERER=http://10.5.27.199/joc/index.php?r=ranking/index
---
2014/05/07 22:51:11 [error] [exception.CException] exception 'CException' with message 'El alias "application.modules.cruge.components.CrugeWebUser" es inválido. Asegúrese de que apunta a un archivo PHP existente y que el archivo tiene permisos de lectura.' in /var/www/yii/framework/YiiBase.php:322
Stack trace:
#0 /var/www/yii/framework/YiiBase.php(196): YiiBase::import('application.mod...', true)
#1 /var/www/yii/framework/base/CModule.php(386): YiiBase::createComponent(Array)
#2 /var/www/yii/framework/base/CModule.php(103): CModule->getComponent('user')
#3 /var/www/joc/protected/views/layouts/main.php(37): CModule->__get('user')
#4 /var/www/yii/framework/web/CBaseController.php(126): require('/var/www/joc/pr...')
#5 /var/www/yii/framework/web/CBaseController.php(95): CBaseController->renderInternal('/var/www/joc/pr...', Array, true)
#6 /var/www/yii/framework/web/widgets/CContentDecorator.php(76): CBaseController->renderFile('/var/www/joc/pr...', Array, true)
#7 /var/www/yii/framework/web/widgets/CContentDecorator.php(54): CContentDecorator->decorate('<div id="conten...')
#8 /var/www/yii/framework/web/widgets/COutputProcessor.php(44): CContentDecorator->processOutput('<div id="conten...')
#9 /var/www/yii/framework/web/CBaseController.php(206): COutputProcessor->run()
#10 /var/www/yii/framework/web/CBaseController.php(300): CBaseController->endWidget('CContentDecorat...')
#11 /var/www/joc/protected/views/layouts/column1.php(6): CBaseController->endContent()
#12 /var/www/yii/framework/web/CBaseController.php(126): require('/var/www/joc/pr...')
#13 /var/www/yii/framework/web/CBaseController.php(95): CBaseController->renderInternal('/var/www/joc/pr...', Array, true)
#14 /var/www/yii/framework/web/CController.php(784): CBaseController->renderFile('/var/www/joc/pr...', Array, true)
#15 /var/www/joc/protected/controllers/SiteController.php(32): CController->render('index')
#16 /var/www/yii/framework/web/actions/CInlineAction.php(49): SiteController->actionIndex()
#17 /var/www/yii/framework/web/CController.php(308): CInlineAction->runWithParams(Array)
#18 /var/www/yii/framework/web/CController.php(286): CController->runAction(Object(CInlineAction))
#19 /var/www/yii/framework/web/CController.php(265): CController->runActionWithFilters(Object(CInlineAction), Array)
#20 /var/www/yii/framework/web/CWebApplication.php(282): CController->run('')
#21 /var/www/yii/framework/web/CWebApplication.php(141): CWebApplication->runController('')
#22 /var/www/yii/framework/base/CApplication.php(180): CWebApplication->processRequest()
#23 /var/www/joc/index.php(13): CApplication->run()
#24 {main}
REQUEST_URI=/joc/
---
2014/05/07 22:53:20 [error] [exception.CException] exception 'CException' with message 'El alias "application.modules.cruge.components.CrugeWebUser" es inválido. Asegúrese de que apunta a un archivo PHP existente y que el archivo tiene permisos de lectura.' in /var/www/yii/framework/YiiBase.php:322
Stack trace:
#0 /var/www/yii/framework/YiiBase.php(196): YiiBase::import('application.mod...', true)
#1 /var/www/yii/framework/base/CModule.php(386): YiiBase::createComponent(Array)
#2 /var/www/yii/framework/base/CModule.php(103): CModule->getComponent('user')
#3 /var/www/joc/protected/views/layouts/main.php(37): CModule->__get('user')
#4 /var/www/yii/framework/web/CBaseController.php(126): require('/var/www/joc/pr...')
#5 /var/www/yii/framework/web/CBaseController.php(95): CBaseController->renderInternal('/var/www/joc/pr...', Array, true)
#6 /var/www/yii/framework/web/widgets/CContentDecorator.php(76): CBaseController->renderFile('/var/www/joc/pr...', Array, true)
#7 /var/www/yii/framework/web/widgets/CContentDecorator.php(54): CContentDecorator->decorate('<div id="conten...')
#8 /var/www/yii/framework/web/widgets/COutputProcessor.php(44): CContentDecorator->processOutput('<div id="conten...')
#9 /var/www/yii/framework/web/CBaseController.php(206): COutputProcessor->run()
#10 /var/www/yii/framework/web/CBaseController.php(300): CBaseController->endWidget('CContentDecorat...')
#11 /var/www/joc/protected/views/layouts/column1.php(6): CBaseController->endContent()
#12 /var/www/yii/framework/web/CBaseController.php(126): require('/var/www/joc/pr...')
#13 /var/www/yii/framework/web/CBaseController.php(95): CBaseController->renderInternal('/var/www/joc/pr...', Array, true)
#14 /var/www/yii/framework/web/CController.php(784): CBaseController->renderFile('/var/www/joc/pr...', Array, true)
#15 /var/www/joc/protected/controllers/SiteController.php(32): CController->render('index')
#16 /var/www/yii/framework/web/actions/CInlineAction.php(49): SiteController->actionIndex()
#17 /var/www/yii/framework/web/CController.php(308): CInlineAction->runWithParams(Array)
#18 /var/www/yii/framework/web/CController.php(286): CController->runAction(Object(CInlineAction))
#19 /var/www/yii/framework/web/CController.php(265): CController->runActionWithFilters(Object(CInlineAction), Array)
#20 /var/www/yii/framework/web/CWebApplication.php(282): CController->run('')
#21 /var/www/yii/framework/web/CWebApplication.php(141): CWebApplication->runController('')
#22 /var/www/yii/framework/base/CApplication.php(180): CWebApplication->processRequest()
#23 /var/www/joc/index.php(13): CApplication->run()
#24 {main}
REQUEST_URI=/joc/
---
2014/05/07 22:54:55 [error] [exception.CException] exception 'CException' with message 'El alias "application.modules.cruge.components.CrugeWebUser" es inválido. Asegúrese de que apunta a un archivo PHP existente y que el archivo tiene permisos de lectura.' in /var/www/yii/framework/YiiBase.php:322
Stack trace:
#0 /var/www/yii/framework/YiiBase.php(196): YiiBase::import('application.mod...', true)
#1 /var/www/yii/framework/base/CModule.php(386): YiiBase::createComponent(Array)
#2 /var/www/yii/framework/base/CModule.php(103): CModule->getComponent('user')
#3 /var/www/joc/protected/views/layouts/main.php(37): CModule->__get('user')
#4 /var/www/yii/framework/web/CBaseController.php(126): require('/var/www/joc/pr...')
#5 /var/www/yii/framework/web/CBaseController.php(95): CBaseController->renderInternal('/var/www/joc/pr...', Array, true)
#6 /var/www/yii/framework/web/widgets/CContentDecorator.php(76): CBaseController->renderFile('/var/www/joc/pr...', Array, true)
#7 /var/www/yii/framework/web/widgets/CContentDecorator.php(54): CContentDecorator->decorate('<div id="conten...')
#8 /var/www/yii/framework/web/widgets/COutputProcessor.php(44): CContentDecorator->processOutput('<div id="conten...')
#9 /var/www/yii/framework/web/CBaseController.php(206): COutputProcessor->run()
#10 /var/www/yii/framework/web/CBaseController.php(300): CBaseController->endWidget('CContentDecorat...')
#11 /var/www/joc/protected/views/layouts/column1.php(6): CBaseController->endContent()
#12 /var/www/yii/framework/web/CBaseController.php(126): require('/var/www/joc/pr...')
#13 /var/www/yii/framework/web/CBaseController.php(95): CBaseController->renderInternal('/var/www/joc/pr...', Array, true)
#14 /var/www/yii/framework/web/CController.php(784): CBaseController->renderFile('/var/www/joc/pr...', Array, true)
#15 /var/www/joc/protected/controllers/SiteController.php(32): CController->render('index')
#16 /var/www/yii/framework/web/actions/CInlineAction.php(49): SiteController->actionIndex()
#17 /var/www/yii/framework/web/CController.php(308): CInlineAction->runWithParams(Array)
#18 /var/www/yii/framework/web/CController.php(286): CController->runAction(Object(CInlineAction))
#19 /var/www/yii/framework/web/CController.php(265): CController->runActionWithFilters(Object(CInlineAction), Array)
#20 /var/www/yii/framework/web/CWebApplication.php(282): CController->run('')
#21 /var/www/yii/framework/web/CWebApplication.php(141): CWebApplication->runController('')
#22 /var/www/yii/framework/base/CApplication.php(180): CWebApplication->processRequest()
#23 /var/www/joc/index.php(13): CApplication->run()
#24 {main}
REQUEST_URI=/joc/
---
2014/05/07 23:06:30 [error] [exception.CException] exception 'CException' with message 'El alias "application.modules.cruge.components.CrugeWebUser" es inválido. Asegúrese de que apunta a un archivo PHP existente y que el archivo tiene permisos de lectura.' in /var/www/yii/framework/YiiBase.php:322
Stack trace:
#0 /var/www/yii/framework/YiiBase.php(196): YiiBase::import('application.mod...', true)
#1 /var/www/yii/framework/base/CModule.php(386): YiiBase::createComponent(Array)
#2 /var/www/yii/framework/base/CModule.php(103): CModule->getComponent('user')
#3 /var/www/joc/protected/views/layouts/main.php(12): CModule->__get('user')
#4 /var/www/yii/framework/web/CBaseController.php(126): require('/var/www/joc/pr...')
#5 /var/www/yii/framework/web/CBaseController.php(95): CBaseController->renderInternal('/var/www/joc/pr...', Array, true)
#6 /var/www/yii/framework/web/widgets/CContentDecorator.php(76): CBaseController->renderFile('/var/www/joc/pr...', Array, true)
#7 /var/www/yii/framework/web/widgets/CContentDecorator.php(54): CContentDecorator->decorate('<div id="conten...')
#8 /var/www/yii/framework/web/widgets/COutputProcessor.php(44): CContentDecorator->processOutput('<div id="conten...')
#9 /var/www/yii/framework/web/CBaseController.php(206): COutputProcessor->run()
#10 /var/www/yii/framework/web/CBaseController.php(300): CBaseController->endWidget('CContentDecorat...')
#11 /var/www/joc/protected/views/layouts/column1.php(6): CBaseController->endContent()
#12 /var/www/yii/framework/web/CBaseController.php(126): require('/var/www/joc/pr...')
#13 /var/www/yii/framework/web/CBaseController.php(95): CBaseController->renderInternal('/var/www/joc/pr...', Array, true)
#14 /var/www/yii/framework/web/CController.php(784): CBaseController->renderFile('/var/www/joc/pr...', Array, true)
#15 /var/www/joc/protected/controllers/SiteController.php(32): CController->render('index')
#16 /var/www/yii/framework/web/actions/CInlineAction.php(49): SiteController->actionIndex()
#17 /var/www/yii/framework/web/CController.php(308): CInlineAction->runWithParams(Array)
#18 /var/www/yii/framework/web/CController.php(286): CController->runAction(Object(CInlineAction))
#19 /var/www/yii/framework/web/CController.php(265): CController->runActionWithFilters(Object(CInlineAction), Array)
#20 /var/www/yii/framework/web/CWebApplication.php(282): CController->run('')
#21 /var/www/yii/framework/web/CWebApplication.php(141): CWebApplication->runController('')
#22 /var/www/yii/framework/base/CApplication.php(180): CWebApplication->processRequest()
#23 /var/www/joc/index.php(13): CApplication->run()
#24 {main}
REQUEST_URI=/joc/
---
2014/05/07 23:07:09 [error] [php] Use of undefined constant php - assumed 'php' (/var/www/joc/protected/views/layouts/main.php:41)
Stack trace:
#0 /var/www/yii/framework/web/widgets/CContentDecorator.php(76): SiteController->renderFile()
#1 /var/www/yii/framework/web/widgets/CContentDecorator.php(54): CContentDecorator->decorate()
#2 /var/www/yii/framework/web/widgets/COutputProcessor.php(44): CContentDecorator->processOutput()
#3 /var/www/yii/framework/web/CBaseController.php(206): CContentDecorator->run()
#4 /var/www/yii/framework/web/CBaseController.php(300): SiteController->endWidget()
#5 /var/www/joc/protected/views/layouts/column1.php(6): SiteController->endContent()
#6 /var/www/yii/framework/web/CBaseController.php(126): require()
#7 /var/www/yii/framework/web/CBaseController.php(95): SiteController->renderInternal()
#8 /var/www/yii/framework/web/CController.php(784): SiteController->renderFile()
#9 /var/www/joc/protected/controllers/SiteController.php(32): SiteController->render()
#10 /var/www/yii/framework/web/actions/CInlineAction.php(49): SiteController->actionIndex()
#11 /var/www/yii/framework/web/CController.php(308): CInlineAction->runWithParams()
#12 /var/www/yii/framework/web/CController.php(286): SiteController->runAction()
#13 /var/www/yii/framework/web/CController.php(265): SiteController->runActionWithFilters()
#14 /var/www/yii/framework/web/CWebApplication.php(282): SiteController->run()
#15 /var/www/yii/framework/web/CWebApplication.php(141): CWebApplication->runController()
#16 /var/www/yii/framework/base/CApplication.php(180): CWebApplication->processRequest()
#17 /var/www/joc/index.php(13): CWebApplication->run()
REQUEST_URI=/joc/
in /var/www/joc/protected/views/layouts/main.php (41)
in /var/www/joc/protected/views/layouts/column1.php (6)
in /var/www/joc/protected/controllers/SiteController.php (32)
2014/05/07 23:08:23 [error] [exception.CException] exception 'CException' with message 'El alias "application.modules.cruge.components.CrugeWebUser" es inválido. Asegúrese de que apunta a un archivo PHP existente y que el archivo tiene permisos de lectura.' in /var/www/yii/framework/YiiBase.php:322
Stack trace:
#0 /var/www/yii/framework/YiiBase.php(196): YiiBase::import('application.mod...', true)
#1 /var/www/yii/framework/base/CModule.php(386): YiiBase::createComponent(Array)
#2 /var/www/yii/framework/base/CModule.php(103): CModule->getComponent('user')
#3 /var/www/joc/protected/views/layouts/main.php(12): CModule->__get('user')
#4 /var/www/yii/framework/web/CBaseController.php(126): require('/var/www/joc/pr...')
#5 /var/www/yii/framework/web/CBaseController.php(95): CBaseController->renderInternal('/var/www/joc/pr...', Array, true)
#6 /var/www/yii/framework/web/widgets/CContentDecorator.php(76): CBaseController->renderFile('/var/www/joc/pr...', Array, true)
#7 /var/www/yii/framework/web/widgets/CContentDecorator.php(54): CContentDecorator->decorate('<div id="conten...')
#8 /var/www/yii/framework/web/widgets/COutputProcessor.php(44): CContentDecorator->processOutput('<div id="conten...')
#9 /var/www/yii/framework/web/CBaseController.php(206): COutputProcessor->run()
#10 /var/www/yii/framework/web/CBaseController.php(300): CBaseController->endWidget('CContentDecorat...')
#11 /var/www/joc/protected/views/layouts/column1.php(6): CBaseController->endContent()
#12 /var/www/yii/framework/web/CBaseController.php(126): require('/var/www/joc/pr...')
#13 /var/www/yii/framework/web/CBaseController.php(95): CBaseController->renderInternal('/var/www/joc/pr...', Array, true)
#14 /var/www/yii/framework/web/CController.php(784): CBaseController->renderFile('/var/www/joc/pr...', Array, true)
#15 /var/www/joc/protected/controllers/SiteController.php(32): CController->render('index')
#16 /var/www/yii/framework/web/actions/CInlineAction.php(49): SiteController->actionIndex()
#17 /var/www/yii/framework/web/CController.php(308): CInlineAction->runWithParams(Array)
#18 /var/www/yii/framework/web/CController.php(286): CController->runAction(Object(CInlineAction))
#19 /var/www/yii/framework/web/CController.php(265): CController->runActionWithFilters(Object(CInlineAction), Array)
#20 /var/www/yii/framework/web/CWebApplication.php(282): CController->run('')
#21 /var/www/yii/framework/web/CWebApplication.php(141): CWebApplication->runController('')
#22 /var/www/yii/framework/base/CApplication.php(180): CWebApplication->processRequest()
#23 /var/www/joc/index.php(13): CApplication->run()
#24 {main}
REQUEST_URI=/joc/
---
2014/05/07 23:08:34 [error] [exception.CException] exception 'CException' with message 'El alias "application.modules.cruge.components.CrugeWebUser" es inválido. Asegúrese de que apunta a un archivo PHP existente y que el archivo tiene permisos de lectura.' in /var/www/yii/framework/YiiBase.php:322
Stack trace:
#0 /var/www/yii/framework/YiiBase.php(196): YiiBase::import('application.mod...', true)
#1 /var/www/yii/framework/base/CModule.php(386): YiiBase::createComponent(Array)
#2 /var/www/yii/framework/base/CModule.php(103): CModule->getComponent('user')
#3 /var/www/joc/protected/views/layouts/main.php(37): CModule->__get('user')
#4 /var/www/yii/framework/web/CBaseController.php(126): require('/var/www/joc/pr...')
#5 /var/www/yii/framework/web/CBaseController.php(95): CBaseController->renderInternal('/var/www/joc/pr...', Array, true)
#6 /var/www/yii/framework/web/widgets/CContentDecorator.php(76): CBaseController->renderFile('/var/www/joc/pr...', Array, true)
#7 /var/www/yii/framework/web/widgets/CContentDecorator.php(54): CContentDecorator->decorate('<div id="conten...')
#8 /var/www/yii/framework/web/widgets/COutputProcessor.php(44): CContentDecorator->processOutput('<div id="conten...')
#9 /var/www/yii/framework/web/CBaseController.php(206): COutputProcessor->run()
#10 /var/www/yii/framework/web/CBaseController.php(300): CBaseController->endWidget('CContentDecorat...')
#11 /var/www/joc/protected/views/layouts/column1.php(6): CBaseController->endContent()
#12 /var/www/yii/framework/web/CBaseController.php(126): require('/var/www/joc/pr...')
#13 /var/www/yii/framework/web/CBaseController.php(95): CBaseController->renderInternal('/var/www/joc/pr...', Array, true)
#14 /var/www/yii/framework/web/CController.php(784): CBaseController->renderFile('/var/www/joc/pr...', Array, true)
#15 /var/www/joc/protected/controllers/SiteController.php(32): CController->render('index')
#16 /var/www/yii/framework/web/actions/CInlineAction.php(49): SiteController->actionIndex()
#17 /var/www/yii/framework/web/CController.php(308): CInlineAction->runWithParams(Array)
#18 /var/www/yii/framework/web/CController.php(286): CController->runAction(Object(CInlineAction))
#19 /var/www/yii/framework/web/CController.php(265): CController->runActionWithFilters(Object(CInlineAction), Array)
#20 /var/www/yii/framework/web/CWebApplication.php(282): CController->run('')
#21 /var/www/yii/framework/web/CWebApplication.php(141): CWebApplication->runController('')
#22 /var/www/yii/framework/base/CApplication.php(180): CWebApplication->processRequest()
#23 /var/www/joc/index.php(13): CApplication->run()
#24 {main}
REQUEST_URI=/joc/
---
2014/05/07 23:08:57 [error] [exception.CException] exception 'CException' with message 'El alias "application.modules.cruge.components.CrugeWebUser" es inválido. Asegúrese de que apunta a un archivo PHP existente y que el archivo tiene permisos de lectura.' in /var/www/yii/framework/YiiBase.php:322
Stack trace:
#0 /var/www/yii/framework/YiiBase.php(196): YiiBase::import('application.mod...', true)
#1 /var/www/yii/framework/base/CModule.php(386): YiiBase::createComponent(Array)
#2 /var/www/yii/framework/base/CModule.php(103): CModule->getComponent('user')
#3 /var/www/joc/protected/views/layouts/main.php(38): CModule->__get('user')
#4 /var/www/yii/framework/web/CBaseController.php(126): require('/var/www/joc/pr...')
#5 /var/www/yii/framework/web/CBaseController.php(95): CBaseController->renderInternal('/var/www/joc/pr...', Array, true)
#6 /var/www/yii/framework/web/widgets/CContentDecorator.php(76): CBaseController->renderFile('/var/www/joc/pr...', Array, true)
#7 /var/www/yii/framework/web/widgets/CContentDecorator.php(54): CContentDecorator->decorate('<div id="conten...')
#8 /var/www/yii/framework/web/widgets/COutputProcessor.php(44): CContentDecorator->processOutput('<div id="conten...')
#9 /var/www/yii/framework/web/CBaseController.php(206): COutputProcessor->run()
#10 /var/www/yii/framework/web/CBaseController.php(300): CBaseController->endWidget('CContentDecorat...')
#11 /var/www/joc/protected/views/layouts/column1.php(6): CBaseController->endContent()
#12 /var/www/yii/framework/web/CBaseController.php(126): require('/var/www/joc/pr...')
#13 /var/www/yii/framework/web/CBaseController.php(95): CBaseController->renderInternal('/var/www/joc/pr...', Array, true)
#14 /var/www/yii/framework/web/CController.php(784): CBaseController->renderFile('/var/www/joc/pr...', Array, true)
#15 /var/www/joc/protected/controllers/SiteController.php(32): CController->render('index')
#16 /var/www/yii/framework/web/actions/CInlineAction.php(49): SiteController->actionIndex()
#17 /var/www/yii/framework/web/CController.php(308): CInlineAction->runWithParams(Array)
#18 /var/www/yii/framework/web/CController.php(286): CController->runAction(Object(CInlineAction))
#19 /var/www/yii/framework/web/CController.php(265): CController->runActionWithFilters(Object(CInlineAction), Array)
#20 /var/www/yii/framework/web/CWebApplication.php(282): CController->run('')
#21 /var/www/yii/framework/web/CWebApplication.php(141): CWebApplication->runController('')
#22 /var/www/yii/framework/base/CApplication.php(180): CWebApplication->processRequest()
#23 /var/www/joc/index.php(13): CApplication->run()
#24 {main}
REQUEST_URI=/joc/
---
2014/05/07 23:11:34 [error] [exception.CException] exception 'CException' with message 'El alias "application.modules.cruge.components.CrugeWebUser" es inválido. Asegúrese de que apunta a un archivo PHP existente y que el archivo tiene permisos de lectura.' in /var/www/yii/framework/YiiBase.php:322
Stack trace:
#0 /var/www/yii/framework/YiiBase.php(196): YiiBase::import('application.mod...', true)
#1 /var/www/yii/framework/base/CModule.php(386): YiiBase::createComponent(Array)
#2 /var/www/yii/framework/base/CModule.php(103): CModule->getComponent('user')
#3 /var/www/joc/protected/views/layouts/main.php(37): CModule->__get('user')
#4 /var/www/yii/framework/web/CBaseController.php(126): require('/var/www/joc/pr...')
#5 /var/www/yii/framework/web/CBaseController.php(95): CBaseController->renderInternal('/var/www/joc/pr...', Array, true)
#6 /var/www/yii/framework/web/widgets/CContentDecorator.php(76): CBaseController->renderFile('/var/www/joc/pr...', Array, true)
#7 /var/www/yii/framework/web/widgets/CContentDecorator.php(54): CContentDecorator->decorate('<div id="conten...')
#8 /var/www/yii/framework/web/widgets/COutputProcessor.php(44): CContentDecorator->processOutput('<div id="conten...')
#9 /var/www/yii/framework/web/CBaseController.php(206): COutputProcessor->run()
#10 /var/www/yii/framework/web/CBaseController.php(300): CBaseController->endWidget('CContentDecorat...')
#11 /var/www/joc/protected/views/layouts/column1.php(6): CBaseController->endContent()
#12 /var/www/yii/framework/web/CBaseController.php(126): require('/var/www/joc/pr...')
#13 /var/www/yii/framework/web/CBaseController.php(95): CBaseController->renderInternal('/var/www/joc/pr...', Array, true)
#14 /var/www/yii/framework/web/CController.php(784): CBaseController->renderFile('/var/www/joc/pr...', Array, true)
#15 /var/www/joc/protected/controllers/SiteController.php(32): CController->render('index')
#16 /var/www/yii/framework/web/actions/CInlineAction.php(49): SiteController->actionIndex()
#17 /var/www/yii/framework/web/CController.php(308): CInlineAction->runWithParams(Array)
#18 /var/www/yii/framework/web/CController.php(286): CController->runAction(Object(CInlineAction))
#19 /var/www/yii/framework/web/CController.php(265): CController->runActionWithFilters(Object(CInlineAction), Array)
#20 /var/www/yii/framework/web/CWebApplication.php(282): CController->run('')
#21 /var/www/yii/framework/web/CWebApplication.php(141): CWebApplication->runController('')
#22 /var/www/yii/framework/base/CApplication.php(180): CWebApplication->processRequest()
#23 /var/www/joc/index.php(13): CApplication->run()
#24 {main}
REQUEST_URI=/joc/
---
2014/05/07 23:12:05 [error] [exception.CException] exception 'CException' with message 'El alias "cruge.CrugeModule" es inválido. Asegúrese de que apunta a un archivo PHP existente y que el archivo tiene permisos de lectura.' in /var/www/yii/framework/YiiBase.php:322
Stack trace:
#0 /var/www/yii/framework/YiiBase.php(196): YiiBase::import('cruge.CrugeModu...', true)
#1 /var/www/yii/framework/base/CModule.php(282): YiiBase::createComponent('cruge.CrugeModu...', 'cruge', NULL, Array)
#2 /var/www/yii/framework/web/CWebApplication.php(337): CModule->getModule('cruge')
#3 /var/www/yii/framework/web/CWebApplication.php(276): CWebApplication->createController('cruge/ui/login')
#4 /var/www/yii/framework/web/CWebApplication.php(141): CWebApplication->runController('cruge/ui/login')
#5 /var/www/yii/framework/base/CApplication.php(180): CWebApplication->processRequest()
#6 /var/www/joc/index.php(13): CApplication->run()
#7 {main}
REQUEST_URI=/joc/index.php?r=cruge/ui/login
HTTP_REFERER=http://192.168.1.99/joc/
---
2014/05/07 23:17:37 [error] [exception.CException] exception 'CException' with message 'El alias "cruge.CrugeModule" es inválido. Asegúrese de que apunta a un archivo PHP existente y que el archivo tiene permisos de lectura.' in /var/www/yii/framework/YiiBase.php:322
Stack trace:
#0 /var/www/yii/framework/YiiBase.php(196): YiiBase::import('cruge.CrugeModu...', true)
#1 /var/www/yii/framework/base/CModule.php(282): YiiBase::createComponent('cruge.CrugeModu...', 'cruge', NULL, Array)
#2 /var/www/yii/framework/web/CWebApplication.php(337): CModule->getModule('cruge')
#3 /var/www/yii/framework/web/CWebApplication.php(276): CWebApplication->createController('cruge/ui/login')
#4 /var/www/yii/framework/web/CWebApplication.php(141): CWebApplication->runController('cruge/ui/login')
#5 /var/www/yii/framework/base/CApplication.php(180): CWebApplication->processRequest()
#6 /var/www/joc/index.php(13): CApplication->run()
#7 {main}
REQUEST_URI=/joc/index.php?r=cruge/ui/login
HTTP_REFERER=http://192.168.1.99/joc/
---
2014/05/07 23:17:42 [error] [exception.CException] exception 'CException' with message 'El alias "cruge.CrugeModule" es inválido. Asegúrese de que apunta a un archivo PHP existente y que el archivo tiene permisos de lectura.' in /var/www/yii/framework/YiiBase.php:322
Stack trace:
#0 /var/www/yii/framework/YiiBase.php(196): YiiBase::import('cruge.CrugeModu...', true)
#1 /var/www/yii/framework/base/CModule.php(282): YiiBase::createComponent('cruge.CrugeModu...', 'cruge', NULL, Array)
#2 /var/www/yii/framework/web/CWebApplication.php(337): CModule->getModule('cruge')
#3 /var/www/yii/framework/web/CWebApplication.php(276): CWebApplication->createController('cruge/ui/')
#4 /var/www/yii/framework/web/CWebApplication.php(141): CWebApplication->runController('cruge/ui/')
#5 /var/www/yii/framework/base/CApplication.php(180): CWebApplication->processRequest()
#6 /var/www/joc/index.php(13): CApplication->run()
#7 {main}
REQUEST_URI=/joc/index.php?r=cruge/ui/
---
2014/05/07 23:17:44 [error] [exception.CException] exception 'CException' with message 'El alias "cruge.CrugeModule" es inválido. Asegúrese de que apunta a un archivo PHP existente y que el archivo tiene permisos de lectura.' in /var/www/yii/framework/YiiBase.php:322
Stack trace:
#0 /var/www/yii/framework/YiiBase.php(196): YiiBase::import('cruge.CrugeModu...', true)
#1 /var/www/yii/framework/base/CModule.php(282): YiiBase::createComponent('cruge.CrugeModu...', 'cruge', NULL, Array)
#2 /var/www/yii/framework/web/CWebApplication.php(337): CModule->getModule('cruge')
#3 /var/www/yii/framework/web/CWebApplication.php(276): CWebApplication->createController('cruge')
#4 /var/www/yii/framework/web/CWebApplication.php(141): CWebApplication->runController('cruge')
#5 /var/www/yii/framework/base/CApplication.php(180): CWebApplication->processRequest()
#6 /var/www/joc/index.php(13): CApplication->run()
#7 {main}
REQUEST_URI=/joc/index.php?r=cruge
---
2014/05/07 23:19:10 [error] [exception.CException] exception 'CException' with message 'El alias "application.modules.cruge.components.CrugeWebUser" es inválido. Asegúrese de que apunta a un archivo PHP existente y que el archivo tiene permisos de lectura.' in /var/www/yii/framework/YiiBase.php:322
Stack trace:
#0 /var/www/yii/framework/YiiBase.php(196): YiiBase::import('application.mod...', true)
#1 /var/www/yii/framework/base/CModule.php(386): YiiBase::createComponent(Array)
#2 /var/www/yii/framework/base/CModule.php(103): CModule->getComponent('user')
#3 /var/www/joc/protected/views/layouts/main.php(49): CModule->__get('user')
#4 /var/www/yii/framework/web/CBaseController.php(126): require('/var/www/joc/pr...')
#5 /var/www/yii/framework/web/CBaseController.php(95): CBaseController->renderInternal('/var/www/joc/pr...', Array, true)
#6 /var/www/yii/framework/web/widgets/CContentDecorator.php(76): CBaseController->renderFile('/var/www/joc/pr...', Array, true)
#7 /var/www/yii/framework/web/widgets/CContentDecorator.php(54): CContentDecorator->decorate('<div id="conten...')
#8 /var/www/yii/framework/web/widgets/COutputProcessor.php(44): CContentDecorator->processOutput('<div id="conten...')
#9 /var/www/yii/framework/web/CBaseController.php(206): COutputProcessor->run()
#10 /var/www/yii/framework/web/CBaseController.php(300): CBaseController->endWidget('CContentDecorat...')
#11 /var/www/joc/protected/views/layouts/column1.php(6): CBaseController->endContent()
#12 /var/www/yii/framework/web/CBaseController.php(126): require('/var/www/joc/pr...')
#13 /var/www/yii/framework/web/CBaseController.php(95): CBaseController->renderInternal('/var/www/joc/pr...', Array, true)
#14 /var/www/yii/framework/web/CController.php(784): CBaseController->renderFile('/var/www/joc/pr...', Array, true)
#15 /var/www/joc/protected/controllers/SiteController.php(32): CController->render('index')
#16 /var/www/yii/framework/web/actions/CInlineAction.php(49): SiteController->actionIndex()
#17 /var/www/yii/framework/web/CController.php(308): CInlineAction->runWithParams(Array)
#18 /var/www/yii/framework/web/CController.php(286): CController->runAction(Object(CInlineAction))
#19 /var/www/yii/framework/web/CController.php(265): CController->runActionWithFilters(Object(CInlineAction), Array)
#20 /var/www/yii/framework/web/CWebApplication.php(282): CController->run('')
#21 /var/www/yii/framework/web/CWebApplication.php(141): CWebApplication->runController('')
#22 /var/www/yii/framework/base/CApplication.php(180): CWebApplication->processRequest()
#23 /var/www/joc/index.php(13): CApplication->run()
#24 {main}
REQUEST_URI=/joc/index.php
---
2014/05/07 23:38:17 [error] [exception.CHttpException.404] exception 'CHttpException' with message 'El sistema no ha podido encontrar la acción "index" solicitada.' in /var/www/yii/framework/web/CController.php:483
Stack trace:
#0 /var/www/yii/framework/web/CController.php(270): CController->missingAction('')
#1 /var/www/yii/framework/web/CWebApplication.php(282): CController->run('')
#2 /var/www/yii/framework/web/CWebApplication.php(141): CWebApplication->runController('cruge/')
#3 /var/www/yii/framework/base/CApplication.php(180): CWebApplication->processRequest()
#4 /var/www/joc/index.php(13): CApplication->run()
#5 {main}
REQUEST_URI=/joc/index.php?r=cruge/
---
