2014/05/16 17:38:19 [error] [php] Trying to get property of non-object (/home/soraiku/public_html/joc_yii/joc/protected/views/site/index.php:4)
Stack trace:
#0 /home/soraiku/public_html/joc_yii/yii/framework/web/CController.php(869): SiteController->renderFile()
#1 /home/soraiku/public_html/joc_yii/yii/framework/web/CController.php(782): SiteController->renderPartial()
#2 /home/soraiku/public_html/joc_yii/joc/protected/controllers/SiteController.php(37): SiteController->render()
#3 /home/soraiku/public_html/joc_yii/yii/framework/web/actions/CInlineAction.php(49): SiteController->actionIndex()
#4 /home/soraiku/public_html/joc_yii/yii/framework/web/CController.php(308): CInlineAction->runWithParams()
#5 /home/soraiku/public_html/joc_yii/yii/framework/web/CController.php(286): SiteController->runAction()
#6 /home/soraiku/public_html/joc_yii/yii/framework/web/CController.php(265): SiteController->runActionWithFilters()
#7 /home/soraiku/public_html/joc_yii/yii/framework/web/CWebApplication.php(282): SiteController->run()
#8 /home/soraiku/public_html/joc_yii/yii/framework/web/CWebApplication.php(141): CWebApplication->runController()
#9 /home/soraiku/public_html/joc_yii/yii/framework/base/CApplication.php(180): CWebApplication->processRequest()
#10 /home/soraiku/public_html/joc_yii/joc/index.php(13): CWebApplication->run()
REQUEST_URI=/joc_yii/joc/
in /home/soraiku/public_html/joc_yii/joc/protected/views/site/index.php (4)
in /home/soraiku/public_html/joc_yii/joc/protected/controllers/SiteController.php (37)
in /home/soraiku/public_html/joc_yii/joc/index.php (13)
2014/05/16 17:40:07 [error] [php] Trying to get property of non-object (/home/soraiku/public_html/joc_yii/joc/protected/views/site/index.php:4)
Stack trace:
#0 /home/soraiku/public_html/joc_yii/yii/framework/web/CController.php(869): SiteController->renderFile()
#1 /home/soraiku/public_html/joc_yii/yii/framework/web/CController.php(782): SiteController->renderPartial()
#2 /home/soraiku/public_html/joc_yii/joc/protected/controllers/SiteController.php(37): SiteController->render()
#3 /home/soraiku/public_html/joc_yii/yii/framework/web/actions/CInlineAction.php(49): SiteController->actionIndex()
#4 /home/soraiku/public_html/joc_yii/yii/framework/web/CController.php(308): CInlineAction->runWithParams()
#5 /home/soraiku/public_html/joc_yii/yii/framework/web/CController.php(286): SiteController->runAction()
#6 /home/soraiku/public_html/joc_yii/yii/framework/web/CController.php(265): SiteController->runActionWithFilters()
#7 /home/soraiku/public_html/joc_yii/yii/framework/web/CWebApplication.php(282): SiteController->run()
#8 /home/soraiku/public_html/joc_yii/yii/framework/web/CWebApplication.php(141): CWebApplication->runController()
#9 /home/soraiku/public_html/joc_yii/yii/framework/base/CApplication.php(180): CWebApplication->processRequest()
#10 /home/soraiku/public_html/joc_yii/joc/index.php(13): CWebApplication->run()
REQUEST_URI=/joc_yii/joc/
in /home/soraiku/public_html/joc_yii/joc/protected/views/site/index.php (4)
in /home/soraiku/public_html/joc_yii/joc/protected/controllers/SiteController.php (37)
in /home/soraiku/public_html/joc_yii/joc/index.php (13)
2014/05/16 17:40:08 [error] [php] Trying to get property of non-object (/home/soraiku/public_html/joc_yii/joc/protected/views/site/index.php:4)
Stack trace:
#0 /home/soraiku/public_html/joc_yii/yii/framework/web/CController.php(869): SiteController->renderFile()
#1 /home/soraiku/public_html/joc_yii/yii/framework/web/CController.php(782): SiteController->renderPartial()
#2 /home/soraiku/public_html/joc_yii/joc/protected/controllers/SiteController.php(37): SiteController->render()
#3 /home/soraiku/public_html/joc_yii/yii/framework/web/actions/CInlineAction.php(49): SiteController->actionIndex()
#4 /home/soraiku/public_html/joc_yii/yii/framework/web/CController.php(308): CInlineAction->runWithParams()
#5 /home/soraiku/public_html/joc_yii/yii/framework/web/CController.php(286): SiteController->runAction()
#6 /home/soraiku/public_html/joc_yii/yii/framework/web/CController.php(265): SiteController->runActionWithFilters()
#7 /home/soraiku/public_html/joc_yii/yii/framework/web/CWebApplication.php(282): SiteController->run()
#8 /home/soraiku/public_html/joc_yii/yii/framework/web/CWebApplication.php(141): CWebApplication->runController()
#9 /home/soraiku/public_html/joc_yii/yii/framework/base/CApplication.php(180): CWebApplication->processRequest()
#10 /home/soraiku/public_html/joc_yii/joc/index.php(13): CWebApplication->run()
REQUEST_URI=/joc_yii/joc/
in /home/soraiku/public_html/joc_yii/joc/protected/views/site/index.php (4)
in /home/soraiku/public_html/joc_yii/joc/protected/controllers/SiteController.php (37)
in /home/soraiku/public_html/joc_yii/joc/index.php (13)
2014/05/16 17:40:09 [error] [php] Trying to get property of non-object (/home/soraiku/public_html/joc_yii/joc/protected/views/site/index.php:4)
Stack trace:
#0 /home/soraiku/public_html/joc_yii/yii/framework/web/CController.php(869): SiteController->renderFile()
#1 /home/soraiku/public_html/joc_yii/yii/framework/web/CController.php(782): SiteController->renderPartial()
#2 /home/soraiku/public_html/joc_yii/joc/protected/controllers/SiteController.php(37): SiteController->render()
#3 /home/soraiku/public_html/joc_yii/yii/framework/web/actions/CInlineAction.php(49): SiteController->actionIndex()
#4 /home/soraiku/public_html/joc_yii/yii/framework/web/CController.php(308): CInlineAction->runWithParams()
#5 /home/soraiku/public_html/joc_yii/yii/framework/web/CController.php(286): SiteController->runAction()
#6 /home/soraiku/public_html/joc_yii/yii/framework/web/CController.php(265): SiteController->runActionWithFilters()
#7 /home/soraiku/public_html/joc_yii/yii/framework/web/CWebApplication.php(282): SiteController->run()
#8 /home/soraiku/public_html/joc_yii/yii/framework/web/CWebApplication.php(141): CWebApplication->runController()
#9 /home/soraiku/public_html/joc_yii/yii/framework/base/CApplication.php(180): CWebApplication->processRequest()
#10 /home/soraiku/public_html/joc_yii/joc/index.php(13): CWebApplication->run()
REQUEST_URI=/joc_yii/joc/
in /home/soraiku/public_html/joc_yii/joc/protected/views/site/index.php (4)
in /home/soraiku/public_html/joc_yii/joc/protected/controllers/SiteController.php (37)
in /home/soraiku/public_html/joc_yii/joc/index.php (13)
2014/05/16 17:40:09 [error] [php] Trying to get property of non-object (/home/soraiku/public_html/joc_yii/joc/protected/views/site/index.php:4)
Stack trace:
#0 /home/soraiku/public_html/joc_yii/yii/framework/web/CController.php(869): SiteController->renderFile()
#1 /home/soraiku/public_html/joc_yii/yii/framework/web/CController.php(782): SiteController->renderPartial()
#2 /home/soraiku/public_html/joc_yii/joc/protected/controllers/SiteController.php(37): SiteController->render()
#3 /home/soraiku/public_html/joc_yii/yii/framework/web/actions/CInlineAction.php(49): SiteController->actionIndex()
#4 /home/soraiku/public_html/joc_yii/yii/framework/web/CController.php(308): CInlineAction->runWithParams()
#5 /home/soraiku/public_html/joc_yii/yii/framework/web/CController.php(286): SiteController->runAction()
#6 /home/soraiku/public_html/joc_yii/yii/framework/web/CController.php(265): SiteController->runActionWithFilters()
#7 /home/soraiku/public_html/joc_yii/yii/framework/web/CWebApplication.php(282): SiteController->run()
#8 /home/soraiku/public_html/joc_yii/yii/framework/web/CWebApplication.php(141): CWebApplication->runController()
#9 /home/soraiku/public_html/joc_yii/yii/framework/base/CApplication.php(180): CWebApplication->processRequest()
#10 /home/soraiku/public_html/joc_yii/joc/index.php(13): CWebApplication->run()
REQUEST_URI=/joc_yii/joc/
in /home/soraiku/public_html/joc_yii/joc/protected/views/site/index.php (4)
in /home/soraiku/public_html/joc_yii/joc/protected/controllers/SiteController.php (37)
in /home/soraiku/public_html/joc_yii/joc/index.php (13)
2014/05/16 17:40:09 [error] [php] Trying to get property of non-object (/home/soraiku/public_html/joc_yii/joc/protected/views/site/index.php:4)
Stack trace:
#0 /home/soraiku/public_html/joc_yii/yii/framework/web/CController.php(869): SiteController->renderFile()
#1 /home/soraiku/public_html/joc_yii/yii/framework/web/CController.php(782): SiteController->renderPartial()
#2 /home/soraiku/public_html/joc_yii/joc/protected/controllers/SiteController.php(37): SiteController->render()
#3 /home/soraiku/public_html/joc_yii/yii/framework/web/actions/CInlineAction.php(49): SiteController->actionIndex()
#4 /home/soraiku/public_html/joc_yii/yii/framework/web/CController.php(308): CInlineAction->runWithParams()
#5 /home/soraiku/public_html/joc_yii/yii/framework/web/CController.php(286): SiteController->runAction()
#6 /home/soraiku/public_html/joc_yii/yii/framework/web/CController.php(265): SiteController->runActionWithFilters()
#7 /home/soraiku/public_html/joc_yii/yii/framework/web/CWebApplication.php(282): SiteController->run()
#8 /home/soraiku/public_html/joc_yii/yii/framework/web/CWebApplication.php(141): CWebApplication->runController()
#9 /home/soraiku/public_html/joc_yii/yii/framework/base/CApplication.php(180): CWebApplication->processRequest()
#10 /home/soraiku/public_html/joc_yii/joc/index.php(13): CWebApplication->run()
REQUEST_URI=/joc_yii/joc/
in /home/soraiku/public_html/joc_yii/joc/protected/views/site/index.php (4)
in /home/soraiku/public_html/joc_yii/joc/protected/controllers/SiteController.php (37)
in /home/soraiku/public_html/joc_yii/joc/index.php (13)
2014/05/16 17:40:10 [error] [php] Trying to get property of non-object (/home/soraiku/public_html/joc_yii/joc/protected/views/site/index.php:4)
Stack trace:
#0 /home/soraiku/public_html/joc_yii/yii/framework/web/CController.php(869): SiteController->renderFile()
#1 /home/soraiku/public_html/joc_yii/yii/framework/web/CController.php(782): SiteController->renderPartial()
#2 /home/soraiku/public_html/joc_yii/joc/protected/controllers/SiteController.php(37): SiteController->render()
#3 /home/soraiku/public_html/joc_yii/yii/framework/web/actions/CInlineAction.php(49): SiteController->actionIndex()
#4 /home/soraiku/public_html/joc_yii/yii/framework/web/CController.php(308): CInlineAction->runWithParams()
#5 /home/soraiku/public_html/joc_yii/yii/framework/web/CController.php(286): SiteController->runAction()
#6 /home/soraiku/public_html/joc_yii/yii/framework/web/CController.php(265): SiteController->runActionWithFilters()
#7 /home/soraiku/public_html/joc_yii/yii/framework/web/CWebApplication.php(282): SiteController->run()
#8 /home/soraiku/public_html/joc_yii/yii/framework/web/CWebApplication.php(141): CWebApplication->runController()
#9 /home/soraiku/public_html/joc_yii/yii/framework/base/CApplication.php(180): CWebApplication->processRequest()
#10 /home/soraiku/public_html/joc_yii/joc/index.php(13): CWebApplication->run()
REQUEST_URI=/joc_yii/joc/
in /home/soraiku/public_html/joc_yii/joc/protected/views/site/index.php (4)
in /home/soraiku/public_html/joc_yii/joc/protected/controllers/SiteController.php (37)
in /home/soraiku/public_html/joc_yii/joc/index.php (13)
2014/05/16 17:40:10 [error] [php] Trying to get property of non-object (/home/soraiku/public_html/joc_yii/joc/protected/views/site/index.php:4)
Stack trace:
#0 /home/soraiku/public_html/joc_yii/yii/framework/web/CController.php(869): SiteController->renderFile()
#1 /home/soraiku/public_html/joc_yii/yii/framework/web/CController.php(782): SiteController->renderPartial()
#2 /home/soraiku/public_html/joc_yii/joc/protected/controllers/SiteController.php(37): SiteController->render()
#3 /home/soraiku/public_html/joc_yii/yii/framework/web/actions/CInlineAction.php(49): SiteController->actionIndex()
#4 /home/soraiku/public_html/joc_yii/yii/framework/web/CController.php(308): CInlineAction->runWithParams()
#5 /home/soraiku/public_html/joc_yii/yii/framework/web/CController.php(286): SiteController->runAction()
#6 /home/soraiku/public_html/joc_yii/yii/framework/web/CController.php(265): SiteController->runActionWithFilters()
#7 /home/soraiku/public_html/joc_yii/yii/framework/web/CWebApplication.php(282): SiteController->run()
#8 /home/soraiku/public_html/joc_yii/yii/framework/web/CWebApplication.php(141): CWebApplication->runController()
#9 /home/soraiku/public_html/joc_yii/yii/framework/base/CApplication.php(180): CWebApplication->processRequest()
#10 /home/soraiku/public_html/joc_yii/joc/index.php(13): CWebApplication->run()
REQUEST_URI=/joc_yii/joc/
in /home/soraiku/public_html/joc_yii/joc/protected/views/site/index.php (4)
in /home/soraiku/public_html/joc_yii/joc/protected/controllers/SiteController.php (37)
in /home/soraiku/public_html/joc_yii/joc/index.php (13)
2014/05/16 17:40:10 [error] [php] Trying to get property of non-object (/home/soraiku/public_html/joc_yii/joc/protected/views/site/index.php:4)
Stack trace:
#0 /home/soraiku/public_html/joc_yii/yii/framework/web/CController.php(869): SiteController->renderFile()
#1 /home/soraiku/public_html/joc_yii/yii/framework/web/CController.php(782): SiteController->renderPartial()
#2 /home/soraiku/public_html/joc_yii/joc/protected/controllers/SiteController.php(37): SiteController->render()
#3 /home/soraiku/public_html/joc_yii/yii/framework/web/actions/CInlineAction.php(49): SiteController->actionIndex()
#4 /home/soraiku/public_html/joc_yii/yii/framework/web/CController.php(308): CInlineAction->runWithParams()
#5 /home/soraiku/public_html/joc_yii/yii/framework/web/CController.php(286): SiteController->runAction()
#6 /home/soraiku/public_html/joc_yii/yii/framework/web/CController.php(265): SiteController->runActionWithFilters()
#7 /home/soraiku/public_html/joc_yii/yii/framework/web/CWebApplication.php(282): SiteController->run()
#8 /home/soraiku/public_html/joc_yii/yii/framework/web/CWebApplication.php(141): CWebApplication->runController()
#9 /home/soraiku/public_html/joc_yii/yii/framework/base/CApplication.php(180): CWebApplication->processRequest()
#10 /home/soraiku/public_html/joc_yii/joc/index.php(13): CWebApplication->run()
REQUEST_URI=/joc_yii/joc/
in /home/soraiku/public_html/joc_yii/joc/protected/views/site/index.php (4)
in /home/soraiku/public_html/joc_yii/joc/protected/controllers/SiteController.php (37)
in /home/soraiku/public_html/joc_yii/joc/index.php (13)
2014/05/16 17:40:10 [error] [php] Trying to get property of non-object (/home/soraiku/public_html/joc_yii/joc/protected/views/site/index.php:4)
Stack trace:
#0 /home/soraiku/public_html/joc_yii/yii/framework/web/CController.php(869): SiteController->renderFile()
#1 /home/soraiku/public_html/joc_yii/yii/framework/web/CController.php(782): SiteController->renderPartial()
#2 /home/soraiku/public_html/joc_yii/joc/protected/controllers/SiteController.php(37): SiteController->render()
#3 /home/soraiku/public_html/joc_yii/yii/framework/web/actions/CInlineAction.php(49): SiteController->actionIndex()
#4 /home/soraiku/public_html/joc_yii/yii/framework/web/CController.php(308): CInlineAction->runWithParams()
#5 /home/soraiku/public_html/joc_yii/yii/framework/web/CController.php(286): SiteController->runAction()
#6 /home/soraiku/public_html/joc_yii/yii/framework/web/CController.php(265): SiteController->runActionWithFilters()
#7 /home/soraiku/public_html/joc_yii/yii/framework/web/CWebApplication.php(282): SiteController->run()
#8 /home/soraiku/public_html/joc_yii/yii/framework/web/CWebApplication.php(141): CWebApplication->runController()
#9 /home/soraiku/public_html/joc_yii/yii/framework/base/CApplication.php(180): CWebApplication->processRequest()
#10 /home/soraiku/public_html/joc_yii/joc/index.php(13): CWebApplication->run()
REQUEST_URI=/joc_yii/joc/
in /home/soraiku/public_html/joc_yii/joc/protected/views/site/index.php (4)
in /home/soraiku/public_html/joc_yii/joc/protected/controllers/SiteController.php (37)
in /home/soraiku/public_html/joc_yii/joc/index.php (13)
2014/05/16 17:40:10 [error] [php] Trying to get property of non-object (/home/soraiku/public_html/joc_yii/joc/protected/views/site/index.php:4)
Stack trace:
#0 /home/soraiku/public_html/joc_yii/yii/framework/web/CController.php(869): SiteController->renderFile()
#1 /home/soraiku/public_html/joc_yii/yii/framework/web/CController.php(782): SiteController->renderPartial()
#2 /home/soraiku/public_html/joc_yii/joc/protected/controllers/SiteController.php(37): SiteController->render()
#3 /home/soraiku/public_html/joc_yii/yii/framework/web/actions/CInlineAction.php(49): SiteController->actionIndex()
#4 /home/soraiku/public_html/joc_yii/yii/framework/web/CController.php(308): CInlineAction->runWithParams()
#5 /home/soraiku/public_html/joc_yii/yii/framework/web/CController.php(286): SiteController->runAction()
#6 /home/soraiku/public_html/joc_yii/yii/framework/web/CController.php(265): SiteController->runActionWithFilters()
#7 /home/soraiku/public_html/joc_yii/yii/framework/web/CWebApplication.php(282): SiteController->run()
#8 /home/soraiku/public_html/joc_yii/yii/framework/web/CWebApplication.php(141): CWebApplication->runController()
#9 /home/soraiku/public_html/joc_yii/yii/framework/base/CApplication.php(180): CWebApplication->processRequest()
#10 /home/soraiku/public_html/joc_yii/joc/index.php(13): CWebApplication->run()
REQUEST_URI=/joc_yii/joc/
in /home/soraiku/public_html/joc_yii/joc/protected/views/site/index.php (4)
in /home/soraiku/public_html/joc_yii/joc/protected/controllers/SiteController.php (37)
in /home/soraiku/public_html/joc_yii/joc/index.php (13)
2014/05/16 17:40:11 [error] [php] Trying to get property of non-object (/home/soraiku/public_html/joc_yii/joc/protected/views/site/index.php:4)
Stack trace:
#0 /home/soraiku/public_html/joc_yii/yii/framework/web/CController.php(869): SiteController->renderFile()
#1 /home/soraiku/public_html/joc_yii/yii/framework/web/CController.php(782): SiteController->renderPartial()
#2 /home/soraiku/public_html/joc_yii/joc/protected/controllers/SiteController.php(37): SiteController->render()
#3 /home/soraiku/public_html/joc_yii/yii/framework/web/actions/CInlineAction.php(49): SiteController->actionIndex()
#4 /home/soraiku/public_html/joc_yii/yii/framework/web/CController.php(308): CInlineAction->runWithParams()
#5 /home/soraiku/public_html/joc_yii/yii/framework/web/CController.php(286): SiteController->runAction()
#6 /home/soraiku/public_html/joc_yii/yii/framework/web/CController.php(265): SiteController->runActionWithFilters()
#7 /home/soraiku/public_html/joc_yii/yii/framework/web/CWebApplication.php(282): SiteController->run()
#8 /home/soraiku/public_html/joc_yii/yii/framework/web/CWebApplication.php(141): CWebApplication->runController()
#9 /home/soraiku/public_html/joc_yii/yii/framework/base/CApplication.php(180): CWebApplication->processRequest()
#10 /home/soraiku/public_html/joc_yii/joc/index.php(13): CWebApplication->run()
REQUEST_URI=/joc_yii/joc/
in /home/soraiku/public_html/joc_yii/joc/protected/views/site/index.php (4)
in /home/soraiku/public_html/joc_yii/joc/protected/controllers/SiteController.php (37)
in /home/soraiku/public_html/joc_yii/joc/index.php (13)
2014/05/16 17:40:11 [error] [php] Trying to get property of non-object (/home/soraiku/public_html/joc_yii/joc/protected/views/site/index.php:4)
Stack trace:
#0 /home/soraiku/public_html/joc_yii/yii/framework/web/CController.php(869): SiteController->renderFile()
#1 /home/soraiku/public_html/joc_yii/yii/framework/web/CController.php(782): SiteController->renderPartial()
#2 /home/soraiku/public_html/joc_yii/joc/protected/controllers/SiteController.php(37): SiteController->render()
#3 /home/soraiku/public_html/joc_yii/yii/framework/web/actions/CInlineAction.php(49): SiteController->actionIndex()
#4 /home/soraiku/public_html/joc_yii/yii/framework/web/CController.php(308): CInlineAction->runWithParams()
#5 /home/soraiku/public_html/joc_yii/yii/framework/web/CController.php(286): SiteController->runAction()
#6 /home/soraiku/public_html/joc_yii/yii/framework/web/CController.php(265): SiteController->runActionWithFilters()
#7 /home/soraiku/public_html/joc_yii/yii/framework/web/CWebApplication.php(282): SiteController->run()
#8 /home/soraiku/public_html/joc_yii/yii/framework/web/CWebApplication.php(141): CWebApplication->runController()
#9 /home/soraiku/public_html/joc_yii/yii/framework/base/CApplication.php(180): CWebApplication->processRequest()
#10 /home/soraiku/public_html/joc_yii/joc/index.php(13): CWebApplication->run()
REQUEST_URI=/joc_yii/joc/
in /home/soraiku/public_html/joc_yii/joc/protected/views/site/index.php (4)
in /home/soraiku/public_html/joc_yii/joc/protected/controllers/SiteController.php (37)
in /home/soraiku/public_html/joc_yii/joc/index.php (13)
2014/05/16 17:40:11 [error] [php] Trying to get property of non-object (/home/soraiku/public_html/joc_yii/joc/protected/views/site/index.php:4)
Stack trace:
#0 /home/soraiku/public_html/joc_yii/yii/framework/web/CController.php(869): SiteController->renderFile()
#1 /home/soraiku/public_html/joc_yii/yii/framework/web/CController.php(782): SiteController->renderPartial()
#2 /home/soraiku/public_html/joc_yii/joc/protected/controllers/SiteController.php(37): SiteController->render()
#3 /home/soraiku/public_html/joc_yii/yii/framework/web/actions/CInlineAction.php(49): SiteController->actionIndex()
#4 /home/soraiku/public_html/joc_yii/yii/framework/web/CController.php(308): CInlineAction->runWithParams()
#5 /home/soraiku/public_html/joc_yii/yii/framework/web/CController.php(286): SiteController->runAction()
#6 /home/soraiku/public_html/joc_yii/yii/framework/web/CController.php(265): SiteController->runActionWithFilters()
#7 /home/soraiku/public_html/joc_yii/yii/framework/web/CWebApplication.php(282): SiteController->run()
#8 /home/soraiku/public_html/joc_yii/yii/framework/web/CWebApplication.php(141): CWebApplication->runController()
#9 /home/soraiku/public_html/joc_yii/yii/framework/base/CApplication.php(180): CWebApplication->processRequest()
#10 /home/soraiku/public_html/joc_yii/joc/index.php(13): CWebApplication->run()
REQUEST_URI=/joc_yii/joc/
in /home/soraiku/public_html/joc_yii/joc/protected/views/site/index.php (4)
in /home/soraiku/public_html/joc_yii/joc/protected/controllers/SiteController.php (37)
in /home/soraiku/public_html/joc_yii/joc/index.php (13)
2014/05/16 17:40:11 [error] [php] Trying to get property of non-object (/home/soraiku/public_html/joc_yii/joc/protected/views/site/index.php:4)
Stack trace:
#0 /home/soraiku/public_html/joc_yii/yii/framework/web/CController.php(869): SiteController->renderFile()
#1 /home/soraiku/public_html/joc_yii/yii/framework/web/CController.php(782): SiteController->renderPartial()
#2 /home/soraiku/public_html/joc_yii/joc/protected/controllers/SiteController.php(37): SiteController->render()
#3 /home/soraiku/public_html/joc_yii/yii/framework/web/actions/CInlineAction.php(49): SiteController->actionIndex()
#4 /home/soraiku/public_html/joc_yii/yii/framework/web/CController.php(308): CInlineAction->runWithParams()
#5 /home/soraiku/public_html/joc_yii/yii/framework/web/CController.php(286): SiteController->runAction()
#6 /home/soraiku/public_html/joc_yii/yii/framework/web/CController.php(265): SiteController->runActionWithFilters()
#7 /home/soraiku/public_html/joc_yii/yii/framework/web/CWebApplication.php(282): SiteController->run()
#8 /home/soraiku/public_html/joc_yii/yii/framework/web/CWebApplication.php(141): CWebApplication->runController()
#9 /home/soraiku/public_html/joc_yii/yii/framework/base/CApplication.php(180): CWebApplication->processRequest()
#10 /home/soraiku/public_html/joc_yii/joc/index.php(13): CWebApplication->run()
REQUEST_URI=/joc_yii/joc/
in /home/soraiku/public_html/joc_yii/joc/protected/views/site/index.php (4)
in /home/soraiku/public_html/joc_yii/joc/protected/controllers/SiteController.php (37)
in /home/soraiku/public_html/joc_yii/joc/index.php (13)
2014/05/16 17:40:11 [error] [php] Trying to get property of non-object (/home/soraiku/public_html/joc_yii/joc/protected/views/site/index.php:4)
Stack trace:
#0 /home/soraiku/public_html/joc_yii/yii/framework/web/CController.php(869): SiteController->renderFile()
#1 /home/soraiku/public_html/joc_yii/yii/framework/web/CController.php(782): SiteController->renderPartial()
#2 /home/soraiku/public_html/joc_yii/joc/protected/controllers/SiteController.php(37): SiteController->render()
#3 /home/soraiku/public_html/joc_yii/yii/framework/web/actions/CInlineAction.php(49): SiteController->actionIndex()
#4 /home/soraiku/public_html/joc_yii/yii/framework/web/CController.php(308): CInlineAction->runWithParams()
#5 /home/soraiku/public_html/joc_yii/yii/framework/web/CController.php(286): SiteController->runAction()
#6 /home/soraiku/public_html/joc_yii/yii/framework/web/CController.php(265): SiteController->runActionWithFilters()
#7 /home/soraiku/public_html/joc_yii/yii/framework/web/CWebApplication.php(282): SiteController->run()
#8 /home/soraiku/public_html/joc_yii/yii/framework/web/CWebApplication.php(141): CWebApplication->runController()
#9 /home/soraiku/public_html/joc_yii/yii/framework/base/CApplication.php(180): CWebApplication->processRequest()
#10 /home/soraiku/public_html/joc_yii/joc/index.php(13): CWebApplication->run()
REQUEST_URI=/joc_yii/joc/
in /home/soraiku/public_html/joc_yii/joc/protected/views/site/index.php (4)
in /home/soraiku/public_html/joc_yii/joc/protected/controllers/SiteController.php (37)
in /home/soraiku/public_html/joc_yii/joc/index.php (13)
2014/05/16 17:40:11 [error] [php] Trying to get property of non-object (/home/soraiku/public_html/joc_yii/joc/protected/views/site/index.php:4)
Stack trace:
#0 /home/soraiku/public_html/joc_yii/yii/framework/web/CController.php(869): SiteController->renderFile()
#1 /home/soraiku/public_html/joc_yii/yii/framework/web/CController.php(782): SiteController->renderPartial()
#2 /home/soraiku/public_html/joc_yii/joc/protected/controllers/SiteController.php(37): SiteController->render()
#3 /home/soraiku/public_html/joc_yii/yii/framework/web/actions/CInlineAction.php(49): SiteController->actionIndex()
#4 /home/soraiku/public_html/joc_yii/yii/framework/web/CController.php(308): CInlineAction->runWithParams()
#5 /home/soraiku/public_html/joc_yii/yii/framework/web/CController.php(286): SiteController->runAction()
#6 /home/soraiku/public_html/joc_yii/yii/framework/web/CController.php(265): SiteController->runActionWithFilters()
#7 /home/soraiku/public_html/joc_yii/yii/framework/web/CWebApplication.php(282): SiteController->run()
#8 /home/soraiku/public_html/joc_yii/yii/framework/web/CWebApplication.php(141): CWebApplication->runController()
#9 /home/soraiku/public_html/joc_yii/yii/framework/base/CApplication.php(180): CWebApplication->processRequest()
#10 /home/soraiku/public_html/joc_yii/joc/index.php(13): CWebApplication->run()
REQUEST_URI=/joc_yii/joc/
in /home/soraiku/public_html/joc_yii/joc/protected/views/site/index.php (4)
in /home/soraiku/public_html/joc_yii/joc/protected/controllers/SiteController.php (37)
in /home/soraiku/public_html/joc_yii/joc/index.php (13)
2014/05/16 17:40:11 [error] [php] Trying to get property of non-object (/home/soraiku/public_html/joc_yii/joc/protected/views/site/index.php:4)
Stack trace:
#0 /home/soraiku/public_html/joc_yii/yii/framework/web/CController.php(869): SiteController->renderFile()
#1 /home/soraiku/public_html/joc_yii/yii/framework/web/CController.php(782): SiteController->renderPartial()
#2 /home/soraiku/public_html/joc_yii/joc/protected/controllers/SiteController.php(37): SiteController->render()
#3 /home/soraiku/public_html/joc_yii/yii/framework/web/actions/CInlineAction.php(49): SiteController->actionIndex()
#4 /home/soraiku/public_html/joc_yii/yii/framework/web/CController.php(308): CInlineAction->runWithParams()
#5 /home/soraiku/public_html/joc_yii/yii/framework/web/CController.php(286): SiteController->runAction()
#6 /home/soraiku/public_html/joc_yii/yii/framework/web/CController.php(265): SiteController->runActionWithFilters()
#7 /home/soraiku/public_html/joc_yii/yii/framework/web/CWebApplication.php(282): SiteController->run()
#8 /home/soraiku/public_html/joc_yii/yii/framework/web/CWebApplication.php(141): CWebApplication->runController()
#9 /home/soraiku/public_html/joc_yii/yii/framework/base/CApplication.php(180): CWebApplication->processRequest()
#10 /home/soraiku/public_html/joc_yii/joc/index.php(13): CWebApplication->run()
REQUEST_URI=/joc_yii/joc/
in /home/soraiku/public_html/joc_yii/joc/protected/views/site/index.php (4)
in /home/soraiku/public_html/joc_yii/joc/protected/controllers/SiteController.php (37)
in /home/soraiku/public_html/joc_yii/joc/index.php (13)
2014/05/16 17:40:11 [error] [php] Trying to get property of non-object (/home/soraiku/public_html/joc_yii/joc/protected/views/site/index.php:4)
Stack trace:
#0 /home/soraiku/public_html/joc_yii/yii/framework/web/CController.php(869): SiteController->renderFile()
#1 /home/soraiku/public_html/joc_yii/yii/framework/web/CController.php(782): SiteController->renderPartial()
#2 /home/soraiku/public_html/joc_yii/joc/protected/controllers/SiteController.php(37): SiteController->render()
#3 /home/soraiku/public_html/joc_yii/yii/framework/web/actions/CInlineAction.php(49): SiteController->actionIndex()
#4 /home/soraiku/public_html/joc_yii/yii/framework/web/CController.php(308): CInlineAction->runWithParams()
#5 /home/soraiku/public_html/joc_yii/yii/framework/web/CController.php(286): SiteController->runAction()
#6 /home/soraiku/public_html/joc_yii/yii/framework/web/CController.php(265): SiteController->runActionWithFilters()
#7 /home/soraiku/public_html/joc_yii/yii/framework/web/CWebApplication.php(282): SiteController->run()
#8 /home/soraiku/public_html/joc_yii/yii/framework/web/CWebApplication.php(141): CWebApplication->runController()
#9 /home/soraiku/public_html/joc_yii/yii/framework/base/CApplication.php(180): CWebApplication->processRequest()
#10 /home/soraiku/public_html/joc_yii/joc/index.php(13): CWebApplication->run()
REQUEST_URI=/joc_yii/joc/
in /home/soraiku/public_html/joc_yii/joc/protected/views/site/index.php (4)
in /home/soraiku/public_html/joc_yii/joc/protected/controllers/SiteController.php (37)
in /home/soraiku/public_html/joc_yii/joc/index.php (13)
2014/05/16 17:40:11 [error] [php] Trying to get property of non-object (/home/soraiku/public_html/joc_yii/joc/protected/views/site/index.php:4)
Stack trace:
#0 /home/soraiku/public_html/joc_yii/yii/framework/web/CController.php(869): SiteController->renderFile()
#1 /home/soraiku/public_html/joc_yii/yii/framework/web/CController.php(782): SiteController->renderPartial()
#2 /home/soraiku/public_html/joc_yii/joc/protected/controllers/SiteController.php(37): SiteController->render()
#3 /home/soraiku/public_html/joc_yii/yii/framework/web/actions/CInlineAction.php(49): SiteController->actionIndex()
#4 /home/soraiku/public_html/joc_yii/yii/framework/web/CController.php(308): CInlineAction->runWithParams()
#5 /home/soraiku/public_html/joc_yii/yii/framework/web/CController.php(286): SiteController->runAction()
#6 /home/soraiku/public_html/joc_yii/yii/framework/web/CController.php(265): SiteController->runActionWithFilters()
#7 /home/soraiku/public_html/joc_yii/yii/framework/web/CWebApplication.php(282): SiteController->run()
#8 /home/soraiku/public_html/joc_yii/yii/framework/web/CWebApplication.php(141): CWebApplication->runController()
#9 /home/soraiku/public_html/joc_yii/yii/framework/base/CApplication.php(180): CWebApplication->processRequest()
#10 /home/soraiku/public_html/joc_yii/joc/index.php(13): CWebApplication->run()
REQUEST_URI=/joc_yii/joc/
in /home/soraiku/public_html/joc_yii/joc/protected/views/site/index.php (4)
in /home/soraiku/public_html/joc_yii/joc/protected/controllers/SiteController.php (37)
in /home/soraiku/public_html/joc_yii/joc/index.php (13)
2014/05/16 17:40:11 [error] [php] Trying to get property of non-object (/home/soraiku/public_html/joc_yii/joc/protected/views/site/index.php:4)
Stack trace:
#0 /home/soraiku/public_html/joc_yii/yii/framework/web/CController.php(869): SiteController->renderFile()
#1 /home/soraiku/public_html/joc_yii/yii/framework/web/CController.php(782): SiteController->renderPartial()
#2 /home/soraiku/public_html/joc_yii/joc/protected/controllers/SiteController.php(37): SiteController->render()
#3 /home/soraiku/public_html/joc_yii/yii/framework/web/actions/CInlineAction.php(49): SiteController->actionIndex()
#4 /home/soraiku/public_html/joc_yii/yii/framework/web/CController.php(308): CInlineAction->runWithParams()
#5 /home/soraiku/public_html/joc_yii/yii/framework/web/CController.php(286): SiteController->runAction()
#6 /home/soraiku/public_html/joc_yii/yii/framework/web/CController.php(265): SiteController->runActionWithFilters()
#7 /home/soraiku/public_html/joc_yii/yii/framework/web/CWebApplication.php(282): SiteController->run()
#8 /home/soraiku/public_html/joc_yii/yii/framework/web/CWebApplication.php(141): CWebApplication->runController()
#9 /home/soraiku/public_html/joc_yii/yii/framework/base/CApplication.php(180): CWebApplication->processRequest()
#10 /home/soraiku/public_html/joc_yii/joc/index.php(13): CWebApplication->run()
REQUEST_URI=/joc_yii/joc/
in /home/soraiku/public_html/joc_yii/joc/protected/views/site/index.php (4)
in /home/soraiku/public_html/joc_yii/joc/protected/controllers/SiteController.php (37)
in /home/soraiku/public_html/joc_yii/joc/index.php (13)
2014/05/16 17:40:11 [error] [php] Trying to get property of non-object (/home/soraiku/public_html/joc_yii/joc/protected/views/site/index.php:4)
Stack trace:
#0 /home/soraiku/public_html/joc_yii/yii/framework/web/CController.php(869): SiteController->renderFile()
#1 /home/soraiku/public_html/joc_yii/yii/framework/web/CController.php(782): SiteController->renderPartial()
#2 /home/soraiku/public_html/joc_yii/joc/protected/controllers/SiteController.php(37): SiteController->render()
#3 /home/soraiku/public_html/joc_yii/yii/framework/web/actions/CInlineAction.php(49): SiteController->actionIndex()
#4 /home/soraiku/public_html/joc_yii/yii/framework/web/CController.php(308): CInlineAction->runWithParams()
#5 /home/soraiku/public_html/joc_yii/yii/framework/web/CController.php(286): SiteController->runAction()
#6 /home/soraiku/public_html/joc_yii/yii/framework/web/CController.php(265): SiteController->runActionWithFilters()
#7 /home/soraiku/public_html/joc_yii/yii/framework/web/CWebApplication.php(282): SiteController->run()
#8 /home/soraiku/public_html/joc_yii/yii/framework/web/CWebApplication.php(141): CWebApplication->runController()
#9 /home/soraiku/public_html/joc_yii/yii/framework/base/CApplication.php(180): CWebApplication->processRequest()
#10 /home/soraiku/public_html/joc_yii/joc/index.php(13): CWebApplication->run()
REQUEST_URI=/joc_yii/joc/
in /home/soraiku/public_html/joc_yii/joc/protected/views/site/index.php (4)
in /home/soraiku/public_html/joc_yii/joc/protected/controllers/SiteController.php (37)
in /home/soraiku/public_html/joc_yii/joc/index.php (13)
2014/05/16 17:40:11 [error] [php] Trying to get property of non-object (/home/soraiku/public_html/joc_yii/joc/protected/views/site/index.php:4)
Stack trace:
#0 /home/soraiku/public_html/joc_yii/yii/framework/web/CController.php(869): SiteController->renderFile()
#1 /home/soraiku/public_html/joc_yii/yii/framework/web/CController.php(782): SiteController->renderPartial()
#2 /home/soraiku/public_html/joc_yii/joc/protected/controllers/SiteController.php(37): SiteController->render()
#3 /home/soraiku/public_html/joc_yii/yii/framework/web/actions/CInlineAction.php(49): SiteController->actionIndex()
#4 /home/soraiku/public_html/joc_yii/yii/framework/web/CController.php(308): CInlineAction->runWithParams()
#5 /home/soraiku/public_html/joc_yii/yii/framework/web/CController.php(286): SiteController->runAction()
#6 /home/soraiku/public_html/joc_yii/yii/framework/web/CController.php(265): SiteController->runActionWithFilters()
#7 /home/soraiku/public_html/joc_yii/yii/framework/web/CWebApplication.php(282): SiteController->run()
#8 /home/soraiku/public_html/joc_yii/yii/framework/web/CWebApplication.php(141): CWebApplication->runController()
#9 /home/soraiku/public_html/joc_yii/yii/framework/base/CApplication.php(180): CWebApplication->processRequest()
#10 /home/soraiku/public_html/joc_yii/joc/index.php(13): CWebApplication->run()
REQUEST_URI=/joc_yii/joc/
in /home/soraiku/public_html/joc_yii/joc/protected/views/site/index.php (4)
in /home/soraiku/public_html/joc_yii/joc/protected/controllers/SiteController.php (37)
in /home/soraiku/public_html/joc_yii/joc/index.php (13)
2014/05/16 17:40:11 [error] [php] Trying to get property of non-object (/home/soraiku/public_html/joc_yii/joc/protected/views/site/index.php:4)
Stack trace:
#0 /home/soraiku/public_html/joc_yii/yii/framework/web/CController.php(869): SiteController->renderFile()
#1 /home/soraiku/public_html/joc_yii/yii/framework/web/CController.php(782): SiteController->renderPartial()
#2 /home/soraiku/public_html/joc_yii/joc/protected/controllers/SiteController.php(37): SiteController->render()
#3 /home/soraiku/public_html/joc_yii/yii/framework/web/actions/CInlineAction.php(49): SiteController->actionIndex()
#4 /home/soraiku/public_html/joc_yii/yii/framework/web/CController.php(308): CInlineAction->runWithParams()
#5 /home/soraiku/public_html/joc_yii/yii/framework/web/CController.php(286): SiteController->runAction()
#6 /home/soraiku/public_html/joc_yii/yii/framework/web/CController.php(265): SiteController->runActionWithFilters()
#7 /home/soraiku/public_html/joc_yii/yii/framework/web/CWebApplication.php(282): SiteController->run()
#8 /home/soraiku/public_html/joc_yii/yii/framework/web/CWebApplication.php(141): CWebApplication->runController()
#9 /home/soraiku/public_html/joc_yii/yii/framework/base/CApplication.php(180): CWebApplication->processRequest()
#10 /home/soraiku/public_html/joc_yii/joc/index.php(13): CWebApplication->run()
REQUEST_URI=/joc_yii/joc/
in /home/soraiku/public_html/joc_yii/joc/protected/views/site/index.php (4)
in /home/soraiku/public_html/joc_yii/joc/protected/controllers/SiteController.php (37)
in /home/soraiku/public_html/joc_yii/joc/index.php (13)
2014/05/16 17:40:11 [error] [php] Trying to get property of non-object (/home/soraiku/public_html/joc_yii/joc/protected/views/site/index.php:4)
Stack trace:
#0 /home/soraiku/public_html/joc_yii/yii/framework/web/CController.php(869): SiteController->renderFile()
#1 /home/soraiku/public_html/joc_yii/yii/framework/web/CController.php(782): SiteController->renderPartial()
#2 /home/soraiku/public_html/joc_yii/joc/protected/controllers/SiteController.php(37): SiteController->render()
#3 /home/soraiku/public_html/joc_yii/yii/framework/web/actions/CInlineAction.php(49): SiteController->actionIndex()
#4 /home/soraiku/public_html/joc_yii/yii/framework/web/CController.php(308): CInlineAction->runWithParams()
#5 /home/soraiku/public_html/joc_yii/yii/framework/web/CController.php(286): SiteController->runAction()
#6 /home/soraiku/public_html/joc_yii/yii/framework/web/CController.php(265): SiteController->runActionWithFilters()
#7 /home/soraiku/public_html/joc_yii/yii/framework/web/CWebApplication.php(282): SiteController->run()
#8 /home/soraiku/public_html/joc_yii/yii/framework/web/CWebApplication.php(141): CWebApplication->runController()
#9 /home/soraiku/public_html/joc_yii/yii/framework/base/CApplication.php(180): CWebApplication->processRequest()
#10 /home/soraiku/public_html/joc_yii/joc/index.php(13): CWebApplication->run()
REQUEST_URI=/joc_yii/joc/
in /home/soraiku/public_html/joc_yii/joc/protected/views/site/index.php (4)
in /home/soraiku/public_html/joc_yii/joc/protected/controllers/SiteController.php (37)
in /home/soraiku/public_html/joc_yii/joc/index.php (13)
2014/05/16 17:40:11 [error] [php] Trying to get property of non-object (/home/soraiku/public_html/joc_yii/joc/protected/views/site/index.php:4)
Stack trace:
#0 /home/soraiku/public_html/joc_yii/yii/framework/web/CController.php(869): SiteController->renderFile()
#1 /home/soraiku/public_html/joc_yii/yii/framework/web/CController.php(782): SiteController->renderPartial()
#2 /home/soraiku/public_html/joc_yii/joc/protected/controllers/SiteController.php(37): SiteController->render()
#3 /home/soraiku/public_html/joc_yii/yii/framework/web/actions/CInlineAction.php(49): SiteController->actionIndex()
#4 /home/soraiku/public_html/joc_yii/yii/framework/web/CController.php(308): CInlineAction->runWithParams()
#5 /home/soraiku/public_html/joc_yii/yii/framework/web/CController.php(286): SiteController->runAction()
#6 /home/soraiku/public_html/joc_yii/yii/framework/web/CController.php(265): SiteController->runActionWithFilters()
#7 /home/soraiku/public_html/joc_yii/yii/framework/web/CWebApplication.php(282): SiteController->run()
#8 /home/soraiku/public_html/joc_yii/yii/framework/web/CWebApplication.php(141): CWebApplication->runController()
#9 /home/soraiku/public_html/joc_yii/yii/framework/base/CApplication.php(180): CWebApplication->processRequest()
#10 /home/soraiku/public_html/joc_yii/joc/index.php(13): CWebApplication->run()
REQUEST_URI=/joc_yii/joc/
in /home/soraiku/public_html/joc_yii/joc/protected/views/site/index.php (4)
in /home/soraiku/public_html/joc_yii/joc/protected/controllers/SiteController.php (37)
in /home/soraiku/public_html/joc_yii/joc/index.php (13)
2014/05/16 17:40:11 [error] [php] Trying to get property of non-object (/home/soraiku/public_html/joc_yii/joc/protected/views/site/index.php:4)
Stack trace:
#0 /home/soraiku/public_html/joc_yii/yii/framework/web/CController.php(869): SiteController->renderFile()
#1 /home/soraiku/public_html/joc_yii/yii/framework/web/CController.php(782): SiteController->renderPartial()
#2 /home/soraiku/public_html/joc_yii/joc/protected/controllers/SiteController.php(37): SiteController->render()
#3 /home/soraiku/public_html/joc_yii/yii/framework/web/actions/CInlineAction.php(49): SiteController->actionIndex()
#4 /home/soraiku/public_html/joc_yii/yii/framework/web/CController.php(308): CInlineAction->runWithParams()
#5 /home/soraiku/public_html/joc_yii/yii/framework/web/CController.php(286): SiteController->runAction()
#6 /home/soraiku/public_html/joc_yii/yii/framework/web/CController.php(265): SiteController->runActionWithFilters()
#7 /home/soraiku/public_html/joc_yii/yii/framework/web/CWebApplication.php(282): SiteController->run()
#8 /home/soraiku/public_html/joc_yii/yii/framework/web/CWebApplication.php(141): CWebApplication->runController()
#9 /home/soraiku/public_html/joc_yii/yii/framework/base/CApplication.php(180): CWebApplication->processRequest()
#10 /home/soraiku/public_html/joc_yii/joc/index.php(13): CWebApplication->run()
REQUEST_URI=/joc_yii/joc/
in /home/soraiku/public_html/joc_yii/joc/protected/views/site/index.php (4)
in /home/soraiku/public_html/joc_yii/joc/protected/controllers/SiteController.php (37)
in /home/soraiku/public_html/joc_yii/joc/index.php (13)
2014/05/16 17:40:11 [error] [php] Trying to get property of non-object (/home/soraiku/public_html/joc_yii/joc/protected/views/site/index.php:4)
Stack trace:
#0 /home/soraiku/public_html/joc_yii/yii/framework/web/CController.php(869): SiteController->renderFile()
#1 /home/soraiku/public_html/joc_yii/yii/framework/web/CController.php(782): SiteController->renderPartial()
#2 /home/soraiku/public_html/joc_yii/joc/protected/controllers/SiteController.php(37): SiteController->render()
#3 /home/soraiku/public_html/joc_yii/yii/framework/web/actions/CInlineAction.php(49): SiteController->actionIndex()
#4 /home/soraiku/public_html/joc_yii/yii/framework/web/CController.php(308): CInlineAction->runWithParams()
#5 /home/soraiku/public_html/joc_yii/yii/framework/web/CController.php(286): SiteController->runAction()
#6 /home/soraiku/public_html/joc_yii/yii/framework/web/CController.php(265): SiteController->runActionWithFilters()
#7 /home/soraiku/public_html/joc_yii/yii/framework/web/CWebApplication.php(282): SiteController->run()
#8 /home/soraiku/public_html/joc_yii/yii/framework/web/CWebApplication.php(141): CWebApplication->runController()
#9 /home/soraiku/public_html/joc_yii/yii/framework/base/CApplication.php(180): CWebApplication->processRequest()
#10 /home/soraiku/public_html/joc_yii/joc/index.php(13): CWebApplication->run()
REQUEST_URI=/joc_yii/joc/
in /home/soraiku/public_html/joc_yii/joc/protected/views/site/index.php (4)
in /home/soraiku/public_html/joc_yii/joc/protected/controllers/SiteController.php (37)
in /home/soraiku/public_html/joc_yii/joc/index.php (13)
2014/05/16 17:40:11 [error] [php] Trying to get property of non-object (/home/soraiku/public_html/joc_yii/joc/protected/views/site/index.php:4)
Stack trace:
#0 /home/soraiku/public_html/joc_yii/yii/framework/web/CController.php(869): SiteController->renderFile()
#1 /home/soraiku/public_html/joc_yii/yii/framework/web/CController.php(782): SiteController->renderPartial()
#2 /home/soraiku/public_html/joc_yii/joc/protected/controllers/SiteController.php(37): SiteController->render()
#3 /home/soraiku/public_html/joc_yii/yii/framework/web/actions/CInlineAction.php(49): SiteController->actionIndex()
#4 /home/soraiku/public_html/joc_yii/yii/framework/web/CController.php(308): CInlineAction->runWithParams()
#5 /home/soraiku/public_html/joc_yii/yii/framework/web/CController.php(286): SiteController->runAction()
#6 /home/soraiku/public_html/joc_yii/yii/framework/web/CController.php(265): SiteController->runActionWithFilters()
#7 /home/soraiku/public_html/joc_yii/yii/framework/web/CWebApplication.php(282): SiteController->run()
#8 /home/soraiku/public_html/joc_yii/yii/framework/web/CWebApplication.php(141): CWebApplication->runController()
#9 /home/soraiku/public_html/joc_yii/yii/framework/base/CApplication.php(180): CWebApplication->processRequest()
#10 /home/soraiku/public_html/joc_yii/joc/index.php(13): CWebApplication->run()
REQUEST_URI=/joc_yii/joc/
in /home/soraiku/public_html/joc_yii/joc/protected/views/site/index.php (4)
in /home/soraiku/public_html/joc_yii/joc/protected/controllers/SiteController.php (37)
in /home/soraiku/public_html/joc_yii/joc/index.php (13)
2014/05/16 17:40:11 [error] [php] Trying to get property of non-object (/home/soraiku/public_html/joc_yii/joc/protected/views/site/index.php:4)
Stack trace:
#0 /home/soraiku/public_html/joc_yii/yii/framework/web/CController.php(869): SiteController->renderFile()
#1 /home/soraiku/public_html/joc_yii/yii/framework/web/CController.php(782): SiteController->renderPartial()
#2 /home/soraiku/public_html/joc_yii/joc/protected/controllers/SiteController.php(37): SiteController->render()
#3 /home/soraiku/public_html/joc_yii/yii/framework/web/actions/CInlineAction.php(49): SiteController->actionIndex()
#4 /home/soraiku/public_html/joc_yii/yii/framework/web/CController.php(308): CInlineAction->runWithParams()
#5 /home/soraiku/public_html/joc_yii/yii/framework/web/CController.php(286): SiteController->runAction()
#6 /home/soraiku/public_html/joc_yii/yii/framework/web/CController.php(265): SiteController->runActionWithFilters()
#7 /home/soraiku/public_html/joc_yii/yii/framework/web/CWebApplication.php(282): SiteController->run()
#8 /home/soraiku/public_html/joc_yii/yii/framework/web/CWebApplication.php(141): CWebApplication->runController()
#9 /home/soraiku/public_html/joc_yii/yii/framework/base/CApplication.php(180): CWebApplication->processRequest()
#10 /home/soraiku/public_html/joc_yii/joc/index.php(13): CWebApplication->run()
REQUEST_URI=/joc_yii/joc/
in /home/soraiku/public_html/joc_yii/joc/protected/views/site/index.php (4)
in /home/soraiku/public_html/joc_yii/joc/protected/controllers/SiteController.php (37)
in /home/soraiku/public_html/joc_yii/joc/index.php (13)
2014/05/16 17:40:11 [error] [php] Trying to get property of non-object (/home/soraiku/public_html/joc_yii/joc/protected/views/site/index.php:4)
Stack trace:
#0 /home/soraiku/public_html/joc_yii/yii/framework/web/CController.php(869): SiteController->renderFile()
#1 /home/soraiku/public_html/joc_yii/yii/framework/web/CController.php(782): SiteController->renderPartial()
#2 /home/soraiku/public_html/joc_yii/joc/protected/controllers/SiteController.php(37): SiteController->render()
#3 /home/soraiku/public_html/joc_yii/yii/framework/web/actions/CInlineAction.php(49): SiteController->actionIndex()
#4 /home/soraiku/public_html/joc_yii/yii/framework/web/CController.php(308): CInlineAction->runWithParams()
#5 /home/soraiku/public_html/joc_yii/yii/framework/web/CController.php(286): SiteController->runAction()
#6 /home/soraiku/public_html/joc_yii/yii/framework/web/CController.php(265): SiteController->runActionWithFilters()
#7 /home/soraiku/public_html/joc_yii/yii/framework/web/CWebApplication.php(282): SiteController->run()
#8 /home/soraiku/public_html/joc_yii/yii/framework/web/CWebApplication.php(141): CWebApplication->runController()
#9 /home/soraiku/public_html/joc_yii/yii/framework/base/CApplication.php(180): CWebApplication->processRequest()
#10 /home/soraiku/public_html/joc_yii/joc/index.php(13): CWebApplication->run()
REQUEST_URI=/joc_yii/joc/
in /home/soraiku/public_html/joc_yii/joc/protected/views/site/index.php (4)
in /home/soraiku/public_html/joc_yii/joc/protected/controllers/SiteController.php (37)
in /home/soraiku/public_html/joc_yii/joc/index.php (13)
2014/05/16 17:40:11 [error] [php] Trying to get property of non-object (/home/soraiku/public_html/joc_yii/joc/protected/views/site/index.php:4)
Stack trace:
#0 /home/soraiku/public_html/joc_yii/yii/framework/web/CController.php(869): SiteController->renderFile()
#1 /home/soraiku/public_html/joc_yii/yii/framework/web/CController.php(782): SiteController->renderPartial()
#2 /home/soraiku/public_html/joc_yii/joc/protected/controllers/SiteController.php(37): SiteController->render()
#3 /home/soraiku/public_html/joc_yii/yii/framework/web/actions/CInlineAction.php(49): SiteController->actionIndex()
#4 /home/soraiku/public_html/joc_yii/yii/framework/web/CController.php(308): CInlineAction->runWithParams()
#5 /home/soraiku/public_html/joc_yii/yii/framework/web/CController.php(286): SiteController->runAction()
#6 /home/soraiku/public_html/joc_yii/yii/framework/web/CController.php(265): SiteController->runActionWithFilters()
#7 /home/soraiku/public_html/joc_yii/yii/framework/web/CWebApplication.php(282): SiteController->run()
#8 /home/soraiku/public_html/joc_yii/yii/framework/web/CWebApplication.php(141): CWebApplication->runController()
#9 /home/soraiku/public_html/joc_yii/yii/framework/base/CApplication.php(180): CWebApplication->processRequest()
#10 /home/soraiku/public_html/joc_yii/joc/index.php(13): CWebApplication->run()
REQUEST_URI=/joc_yii/joc/
in /home/soraiku/public_html/joc_yii/joc/protected/views/site/index.php (4)
in /home/soraiku/public_html/joc_yii/joc/protected/controllers/SiteController.php (37)
in /home/soraiku/public_html/joc_yii/joc/index.php (13)
2014/05/16 17:40:11 [error] [php] Trying to get property of non-object (/home/soraiku/public_html/joc_yii/joc/protected/views/site/index.php:4)
Stack trace:
#0 /home/soraiku/public_html/joc_yii/yii/framework/web/CController.php(869): SiteController->renderFile()
#1 /home/soraiku/public_html/joc_yii/yii/framework/web/CController.php(782): SiteController->renderPartial()
#2 /home/soraiku/public_html/joc_yii/joc/protected/controllers/SiteController.php(37): SiteController->render()
#3 /home/soraiku/public_html/joc_yii/yii/framework/web/actions/CInlineAction.php(49): SiteController->actionIndex()
#4 /home/soraiku/public_html/joc_yii/yii/framework/web/CController.php(308): CInlineAction->runWithParams()
#5 /home/soraiku/public_html/joc_yii/yii/framework/web/CController.php(286): SiteController->runAction()
#6 /home/soraiku/public_html/joc_yii/yii/framework/web/CController.php(265): SiteController->runActionWithFilters()
#7 /home/soraiku/public_html/joc_yii/yii/framework/web/CWebApplication.php(282): SiteController->run()
#8 /home/soraiku/public_html/joc_yii/yii/framework/web/CWebApplication.php(141): CWebApplication->runController()
#9 /home/soraiku/public_html/joc_yii/yii/framework/base/CApplication.php(180): CWebApplication->processRequest()
#10 /home/soraiku/public_html/joc_yii/joc/index.php(13): CWebApplication->run()
REQUEST_URI=/joc_yii/joc/
in /home/soraiku/public_html/joc_yii/joc/protected/views/site/index.php (4)
in /home/soraiku/public_html/joc_yii/joc/protected/controllers/SiteController.php (37)
in /home/soraiku/public_html/joc_yii/joc/index.php (13)
2014/05/16 17:40:11 [error] [php] Trying to get property of non-object (/home/soraiku/public_html/joc_yii/joc/protected/views/site/index.php:4)
Stack trace:
#0 /home/soraiku/public_html/joc_yii/yii/framework/web/CController.php(869): SiteController->renderFile()
#1 /home/soraiku/public_html/joc_yii/yii/framework/web/CController.php(782): SiteController->renderPartial()
#2 /home/soraiku/public_html/joc_yii/joc/protected/controllers/SiteController.php(37): SiteController->render()
#3 /home/soraiku/public_html/joc_yii/yii/framework/web/actions/CInlineAction.php(49): SiteController->actionIndex()
#4 /home/soraiku/public_html/joc_yii/yii/framework/web/CController.php(308): CInlineAction->runWithParams()
#5 /home/soraiku/public_html/joc_yii/yii/framework/web/CController.php(286): SiteController->runAction()
#6 /home/soraiku/public_html/joc_yii/yii/framework/web/CController.php(265): SiteController->runActionWithFilters()
#7 /home/soraiku/public_html/joc_yii/yii/framework/web/CWebApplication.php(282): SiteController->run()
#8 /home/soraiku/public_html/joc_yii/yii/framework/web/CWebApplication.php(141): CWebApplication->runController()
#9 /home/soraiku/public_html/joc_yii/yii/framework/base/CApplication.php(180): CWebApplication->processRequest()
#10 /home/soraiku/public_html/joc_yii/joc/index.php(13): CWebApplication->run()
REQUEST_URI=/joc_yii/joc/
in /home/soraiku/public_html/joc_yii/joc/protected/views/site/index.php (4)
in /home/soraiku/public_html/joc_yii/joc/protected/controllers/SiteController.php (37)
in /home/soraiku/public_html/joc_yii/joc/index.php (13)
2014/05/16 17:40:11 [error] [php] Trying to get property of non-object (/home/soraiku/public_html/joc_yii/joc/protected/views/site/index.php:4)
Stack trace:
#0 /home/soraiku/public_html/joc_yii/yii/framework/web/CController.php(869): SiteController->renderFile()
#1 /home/soraiku/public_html/joc_yii/yii/framework/web/CController.php(782): SiteController->renderPartial()
#2 /home/soraiku/public_html/joc_yii/joc/protected/controllers/SiteController.php(37): SiteController->render()
#3 /home/soraiku/public_html/joc_yii/yii/framework/web/actions/CInlineAction.php(49): SiteController->actionIndex()
#4 /home/soraiku/public_html/joc_yii/yii/framework/web/CController.php(308): CInlineAction->runWithParams()
#5 /home/soraiku/public_html/joc_yii/yii/framework/web/CController.php(286): SiteController->runAction()
#6 /home/soraiku/public_html/joc_yii/yii/framework/web/CController.php(265): SiteController->runActionWithFilters()
#7 /home/soraiku/public_html/joc_yii/yii/framework/web/CWebApplication.php(282): SiteController->run()
#8 /home/soraiku/public_html/joc_yii/yii/framework/web/CWebApplication.php(141): CWebApplication->runController()
#9 /home/soraiku/public_html/joc_yii/yii/framework/base/CApplication.php(180): CWebApplication->processRequest()
#10 /home/soraiku/public_html/joc_yii/joc/index.php(13): CWebApplication->run()
REQUEST_URI=/joc_yii/joc/
in /home/soraiku/public_html/joc_yii/joc/protected/views/site/index.php (4)
in /home/soraiku/public_html/joc_yii/joc/protected/controllers/SiteController.php (37)
in /home/soraiku/public_html/joc_yii/joc/index.php (13)
2014/05/16 17:40:11 [error] [php] Trying to get property of non-object (/home/soraiku/public_html/joc_yii/joc/protected/views/site/index.php:4)
Stack trace:
#0 /home/soraiku/public_html/joc_yii/yii/framework/web/CController.php(869): SiteController->renderFile()
#1 /home/soraiku/public_html/joc_yii/yii/framework/web/CController.php(782): SiteController->renderPartial()
#2 /home/soraiku/public_html/joc_yii/joc/protected/controllers/SiteController.php(37): SiteController->render()
#3 /home/soraiku/public_html/joc_yii/yii/framework/web/actions/CInlineAction.php(49): SiteController->actionIndex()
#4 /home/soraiku/public_html/joc_yii/yii/framework/web/CController.php(308): CInlineAction->runWithParams()
#5 /home/soraiku/public_html/joc_yii/yii/framework/web/CController.php(286): SiteController->runAction()
#6 /home/soraiku/public_html/joc_yii/yii/framework/web/CController.php(265): SiteController->runActionWithFilters()
#7 /home/soraiku/public_html/joc_yii/yii/framework/web/CWebApplication.php(282): SiteController->run()
#8 /home/soraiku/public_html/joc_yii/yii/framework/web/CWebApplication.php(141): CWebApplication->runController()
#9 /home/soraiku/public_html/joc_yii/yii/framework/base/CApplication.php(180): CWebApplication->processRequest()
#10 /home/soraiku/public_html/joc_yii/joc/index.php(13): CWebApplication->run()
REQUEST_URI=/joc_yii/joc/
in /home/soraiku/public_html/joc_yii/joc/protected/views/site/index.php (4)
in /home/soraiku/public_html/joc_yii/joc/protected/controllers/SiteController.php (37)
in /home/soraiku/public_html/joc_yii/joc/index.php (13)
2014/05/16 17:40:11 [error] [php] Trying to get property of non-object (/home/soraiku/public_html/joc_yii/joc/protected/views/site/index.php:4)
Stack trace:
#0 /home/soraiku/public_html/joc_yii/yii/framework/web/CController.php(869): SiteController->renderFile()
#1 /home/soraiku/public_html/joc_yii/yii/framework/web/CController.php(782): SiteController->renderPartial()
#2 /home/soraiku/public_html/joc_yii/joc/protected/controllers/SiteController.php(37): SiteController->render()
#3 /home/soraiku/public_html/joc_yii/yii/framework/web/actions/CInlineAction.php(49): SiteController->actionIndex()
#4 /home/soraiku/public_html/joc_yii/yii/framework/web/CController.php(308): CInlineAction->runWithParams()
#5 /home/soraiku/public_html/joc_yii/yii/framework/web/CController.php(286): SiteController->runAction()
#6 /home/soraiku/public_html/joc_yii/yii/framework/web/CController.php(265): SiteController->runActionWithFilters()
#7 /home/soraiku/public_html/joc_yii/yii/framework/web/CWebApplication.php(282): SiteController->run()
#8 /home/soraiku/public_html/joc_yii/yii/framework/web/CWebApplication.php(141): CWebApplication->runController()
#9 /home/soraiku/public_html/joc_yii/yii/framework/base/CApplication.php(180): CWebApplication->processRequest()
#10 /home/soraiku/public_html/joc_yii/joc/index.php(13): CWebApplication->run()
REQUEST_URI=/joc_yii/joc/
in /home/soraiku/public_html/joc_yii/joc/protected/views/site/index.php (4)
in /home/soraiku/public_html/joc_yii/joc/protected/controllers/SiteController.php (37)
in /home/soraiku/public_html/joc_yii/joc/index.php (13)
2014/05/16 17:40:11 [error] [php] Trying to get property of non-object (/home/soraiku/public_html/joc_yii/joc/protected/views/site/index.php:4)
Stack trace:
#0 /home/soraiku/public_html/joc_yii/yii/framework/web/CController.php(869): SiteController->renderFile()
#1 /home/soraiku/public_html/joc_yii/yii/framework/web/CController.php(782): SiteController->renderPartial()
#2 /home/soraiku/public_html/joc_yii/joc/protected/controllers/SiteController.php(37): SiteController->render()
#3 /home/soraiku/public_html/joc_yii/yii/framework/web/actions/CInlineAction.php(49): SiteController->actionIndex()
#4 /home/soraiku/public_html/joc_yii/yii/framework/web/CController.php(308): CInlineAction->runWithParams()
#5 /home/soraiku/public_html/joc_yii/yii/framework/web/CController.php(286): SiteController->runAction()
#6 /home/soraiku/public_html/joc_yii/yii/framework/web/CController.php(265): SiteController->runActionWithFilters()
#7 /home/soraiku/public_html/joc_yii/yii/framework/web/CWebApplication.php(282): SiteController->run()
#8 /home/soraiku/public_html/joc_yii/yii/framework/web/CWebApplication.php(141): CWebApplication->runController()
#9 /home/soraiku/public_html/joc_yii/yii/framework/base/CApplication.php(180): CWebApplication->processRequest()
#10 /home/soraiku/public_html/joc_yii/joc/index.php(13): CWebApplication->run()
REQUEST_URI=/joc_yii/joc/
in /home/soraiku/public_html/joc_yii/joc/protected/views/site/index.php (4)
in /home/soraiku/public_html/joc_yii/joc/protected/controllers/SiteController.php (37)
in /home/soraiku/public_html/joc_yii/joc/index.php (13)
2014/05/16 17:40:11 [error] [php] Trying to get property of non-object (/home/soraiku/public_html/joc_yii/joc/protected/views/site/index.php:4)
Stack trace:
#0 /home/soraiku/public_html/joc_yii/yii/framework/web/CController.php(869): SiteController->renderFile()
#1 /home/soraiku/public_html/joc_yii/yii/framework/web/CController.php(782): SiteController->renderPartial()
#2 /home/soraiku/public_html/joc_yii/joc/protected/controllers/SiteController.php(37): SiteController->render()
#3 /home/soraiku/public_html/joc_yii/yii/framework/web/actions/CInlineAction.php(49): SiteController->actionIndex()
#4 /home/soraiku/public_html/joc_yii/yii/framework/web/CController.php(308): CInlineAction->runWithParams()
#5 /home/soraiku/public_html/joc_yii/yii/framework/web/CController.php(286): SiteController->runAction()
#6 /home/soraiku/public_html/joc_yii/yii/framework/web/CController.php(265): SiteController->runActionWithFilters()
#7 /home/soraiku/public_html/joc_yii/yii/framework/web/CWebApplication.php(282): SiteController->run()
#8 /home/soraiku/public_html/joc_yii/yii/framework/web/CWebApplication.php(141): CWebApplication->runController()
#9 /home/soraiku/public_html/joc_yii/yii/framework/base/CApplication.php(180): CWebApplication->processRequest()
#10 /home/soraiku/public_html/joc_yii/joc/index.php(13): CWebApplication->run()
REQUEST_URI=/joc_yii/joc/
in /home/soraiku/public_html/joc_yii/joc/protected/views/site/index.php (4)
in /home/soraiku/public_html/joc_yii/joc/protected/controllers/SiteController.php (37)
in /home/soraiku/public_html/joc_yii/joc/index.php (13)
2014/05/16 17:40:11 [error] [php] Trying to get property of non-object (/home/soraiku/public_html/joc_yii/joc/protected/views/site/index.php:4)
Stack trace:
#0 /home/soraiku/public_html/joc_yii/yii/framework/web/CController.php(869): SiteController->renderFile()
#1 /home/soraiku/public_html/joc_yii/yii/framework/web/CController.php(782): SiteController->renderPartial()
#2 /home/soraiku/public_html/joc_yii/joc/protected/controllers/SiteController.php(37): SiteController->render()
#3 /home/soraiku/public_html/joc_yii/yii/framework/web/actions/CInlineAction.php(49): SiteController->actionIndex()
#4 /home/soraiku/public_html/joc_yii/yii/framework/web/CController.php(308): CInlineAction->runWithParams()
#5 /home/soraiku/public_html/joc_yii/yii/framework/web/CController.php(286): SiteController->runAction()
#6 /home/soraiku/public_html/joc_yii/yii/framework/web/CController.php(265): SiteController->runActionWithFilters()
#7 /home/soraiku/public_html/joc_yii/yii/framework/web/CWebApplication.php(282): SiteController->run()
#8 /home/soraiku/public_html/joc_yii/yii/framework/web/CWebApplication.php(141): CWebApplication->runController()
#9 /home/soraiku/public_html/joc_yii/yii/framework/base/CApplication.php(180): CWebApplication->processRequest()
#10 /home/soraiku/public_html/joc_yii/joc/index.php(13): CWebApplication->run()
REQUEST_URI=/joc_yii/joc/
in /home/soraiku/public_html/joc_yii/joc/protected/views/site/index.php (4)
in /home/soraiku/public_html/joc_yii/joc/protected/controllers/SiteController.php (37)
in /home/soraiku/public_html/joc_yii/joc/index.php (13)
2014/05/16 17:40:11 [error] [php] Trying to get property of non-object (/home/soraiku/public_html/joc_yii/joc/protected/views/site/index.php:4)
Stack trace:
#0 /home/soraiku/public_html/joc_yii/yii/framework/web/CController.php(869): SiteController->renderFile()
#1 /home/soraiku/public_html/joc_yii/yii/framework/web/CController.php(782): SiteController->renderPartial()
#2 /home/soraiku/public_html/joc_yii/joc/protected/controllers/SiteController.php(37): SiteController->render()
#3 /home/soraiku/public_html/joc_yii/yii/framework/web/actions/CInlineAction.php(49): SiteController->actionIndex()
#4 /home/soraiku/public_html/joc_yii/yii/framework/web/CController.php(308): CInlineAction->runWithParams()
#5 /home/soraiku/public_html/joc_yii/yii/framework/web/CController.php(286): SiteController->runAction()
#6 /home/soraiku/public_html/joc_yii/yii/framework/web/CController.php(265): SiteController->runActionWithFilters()
#7 /home/soraiku/public_html/joc_yii/yii/framework/web/CWebApplication.php(282): SiteController->run()
#8 /home/soraiku/public_html/joc_yii/yii/framework/web/CWebApplication.php(141): CWebApplication->runController()
#9 /home/soraiku/public_html/joc_yii/yii/framework/base/CApplication.php(180): CWebApplication->processRequest()
#10 /home/soraiku/public_html/joc_yii/joc/index.php(13): CWebApplication->run()
REQUEST_URI=/joc_yii/joc/
in /home/soraiku/public_html/joc_yii/joc/protected/views/site/index.php (4)
in /home/soraiku/public_html/joc_yii/joc/protected/controllers/SiteController.php (37)
in /home/soraiku/public_html/joc_yii/joc/index.php (13)
2014/05/16 17:40:11 [error] [php] Trying to get property of non-object (/home/soraiku/public_html/joc_yii/joc/protected/views/site/index.php:4)
Stack trace:
#0 /home/soraiku/public_html/joc_yii/yii/framework/web/CController.php(869): SiteController->renderFile()
#1 /home/soraiku/public_html/joc_yii/yii/framework/web/CController.php(782): SiteController->renderPartial()
#2 /home/soraiku/public_html/joc_yii/joc/protected/controllers/SiteController.php(37): SiteController->render()
#3 /home/soraiku/public_html/joc_yii/yii/framework/web/actions/CInlineAction.php(49): SiteController->actionIndex()
#4 /home/soraiku/public_html/joc_yii/yii/framework/web/CController.php(308): CInlineAction->runWithParams()
#5 /home/soraiku/public_html/joc_yii/yii/framework/web/CController.php(286): SiteController->runAction()
#6 /home/soraiku/public_html/joc_yii/yii/framework/web/CController.php(265): SiteController->runActionWithFilters()
#7 /home/soraiku/public_html/joc_yii/yii/framework/web/CWebApplication.php(282): SiteController->run()
#8 /home/soraiku/public_html/joc_yii/yii/framework/web/CWebApplication.php(141): CWebApplication->runController()
#9 /home/soraiku/public_html/joc_yii/yii/framework/base/CApplication.php(180): CWebApplication->processRequest()
#10 /home/soraiku/public_html/joc_yii/joc/index.php(13): CWebApplication->run()
REQUEST_URI=/joc_yii/joc/
in /home/soraiku/public_html/joc_yii/joc/protected/views/site/index.php (4)
in /home/soraiku/public_html/joc_yii/joc/protected/controllers/SiteController.php (37)
in /home/soraiku/public_html/joc_yii/joc/index.php (13)
2014/05/16 17:40:11 [error] [php] Trying to get property of non-object (/home/soraiku/public_html/joc_yii/joc/protected/views/site/index.php:4)
Stack trace:
#0 /home/soraiku/public_html/joc_yii/yii/framework/web/CController.php(869): SiteController->renderFile()
#1 /home/soraiku/public_html/joc_yii/yii/framework/web/CController.php(782): SiteController->renderPartial()
#2 /home/soraiku/public_html/joc_yii/joc/protected/controllers/SiteController.php(37): SiteController->render()
#3 /home/soraiku/public_html/joc_yii/yii/framework/web/actions/CInlineAction.php(49): SiteController->actionIndex()
#4 /home/soraiku/public_html/joc_yii/yii/framework/web/CController.php(308): CInlineAction->runWithParams()
#5 /home/soraiku/public_html/joc_yii/yii/framework/web/CController.php(286): SiteController->runAction()
#6 /home/soraiku/public_html/joc_yii/yii/framework/web/CController.php(265): SiteController->runActionWithFilters()
#7 /home/soraiku/public_html/joc_yii/yii/framework/web/CWebApplication.php(282): SiteController->run()
#8 /home/soraiku/public_html/joc_yii/yii/framework/web/CWebApplication.php(141): CWebApplication->runController()
#9 /home/soraiku/public_html/joc_yii/yii/framework/base/CApplication.php(180): CWebApplication->processRequest()
#10 /home/soraiku/public_html/joc_yii/joc/index.php(13): CWebApplication->run()
REQUEST_URI=/joc_yii/joc/
in /home/soraiku/public_html/joc_yii/joc/protected/views/site/index.php (4)
in /home/soraiku/public_html/joc_yii/joc/protected/controllers/SiteController.php (37)
in /home/soraiku/public_html/joc_yii/joc/index.php (13)
2014/05/16 17:40:11 [error] [php] Trying to get property of non-object (/home/soraiku/public_html/joc_yii/joc/protected/views/site/index.php:4)
Stack trace:
#0 /home/soraiku/public_html/joc_yii/yii/framework/web/CController.php(869): SiteController->renderFile()
#1 /home/soraiku/public_html/joc_yii/yii/framework/web/CController.php(782): SiteController->renderPartial()
#2 /home/soraiku/public_html/joc_yii/joc/protected/controllers/SiteController.php(37): SiteController->render()
#3 /home/soraiku/public_html/joc_yii/yii/framework/web/actions/CInlineAction.php(49): SiteController->actionIndex()
#4 /home/soraiku/public_html/joc_yii/yii/framework/web/CController.php(308): CInlineAction->runWithParams()
#5 /home/soraiku/public_html/joc_yii/yii/framework/web/CController.php(286): SiteController->runAction()
#6 /home/soraiku/public_html/joc_yii/yii/framework/web/CController.php(265): SiteController->runActionWithFilters()
#7 /home/soraiku/public_html/joc_yii/yii/framework/web/CWebApplication.php(282): SiteController->run()
#8 /home/soraiku/public_html/joc_yii/yii/framework/web/CWebApplication.php(141): CWebApplication->runController()
#9 /home/soraiku/public_html/joc_yii/yii/framework/base/CApplication.php(180): CWebApplication->processRequest()
#10 /home/soraiku/public_html/joc_yii/joc/index.php(13): CWebApplication->run()
REQUEST_URI=/joc_yii/joc/
in /home/soraiku/public_html/joc_yii/joc/protected/views/site/index.php (4)
in /home/soraiku/public_html/joc_yii/joc/protected/controllers/SiteController.php (37)
in /home/soraiku/public_html/joc_yii/joc/index.php (13)
2014/05/16 17:40:11 [error] [php] Trying to get property of non-object (/home/soraiku/public_html/joc_yii/joc/protected/views/site/index.php:4)
Stack trace:
#0 /home/soraiku/public_html/joc_yii/yii/framework/web/CController.php(869): SiteController->renderFile()
#1 /home/soraiku/public_html/joc_yii/yii/framework/web/CController.php(782): SiteController->renderPartial()
#2 /home/soraiku/public_html/joc_yii/joc/protected/controllers/SiteController.php(37): SiteController->render()
#3 /home/soraiku/public_html/joc_yii/yii/framework/web/actions/CInlineAction.php(49): SiteController->actionIndex()
#4 /home/soraiku/public_html/joc_yii/yii/framework/web/CController.php(308): CInlineAction->runWithParams()
#5 /home/soraiku/public_html/joc_yii/yii/framework/web/CController.php(286): SiteController->runAction()
#6 /home/soraiku/public_html/joc_yii/yii/framework/web/CController.php(265): SiteController->runActionWithFilters()
#7 /home/soraiku/public_html/joc_yii/yii/framework/web/CWebApplication.php(282): SiteController->run()
#8 /home/soraiku/public_html/joc_yii/yii/framework/web/CWebApplication.php(141): CWebApplication->runController()
#9 /home/soraiku/public_html/joc_yii/yii/framework/base/CApplication.php(180): CWebApplication->processRequest()
#10 /home/soraiku/public_html/joc_yii/joc/index.php(13): CWebApplication->run()
REQUEST_URI=/joc_yii/joc/
in /home/soraiku/public_html/joc_yii/joc/protected/views/site/index.php (4)
in /home/soraiku/public_html/joc_yii/joc/protected/controllers/SiteController.php (37)
in /home/soraiku/public_html/joc_yii/joc/index.php (13)
2014/05/16 17:40:11 [error] [php] Trying to get property of non-object (/home/soraiku/public_html/joc_yii/joc/protected/views/site/index.php:4)
Stack trace:
#0 /home/soraiku/public_html/joc_yii/yii/framework/web/CController.php(869): SiteController->renderFile()
#1 /home/soraiku/public_html/joc_yii/yii/framework/web/CController.php(782): SiteController->renderPartial()
#2 /home/soraiku/public_html/joc_yii/joc/protected/controllers/SiteController.php(37): SiteController->render()
#3 /home/soraiku/public_html/joc_yii/yii/framework/web/actions/CInlineAction.php(49): SiteController->actionIndex()
#4 /home/soraiku/public_html/joc_yii/yii/framework/web/CController.php(308): CInlineAction->runWithParams()
#5 /home/soraiku/public_html/joc_yii/yii/framework/web/CController.php(286): SiteController->runAction()
#6 /home/soraiku/public_html/joc_yii/yii/framework/web/CController.php(265): SiteController->runActionWithFilters()
#7 /home/soraiku/public_html/joc_yii/yii/framework/web/CWebApplication.php(282): SiteController->run()
#8 /home/soraiku/public_html/joc_yii/yii/framework/web/CWebApplication.php(141): CWebApplication->runController()
#9 /home/soraiku/public_html/joc_yii/yii/framework/base/CApplication.php(180): CWebApplication->processRequest()
#10 /home/soraiku/public_html/joc_yii/joc/index.php(13): CWebApplication->run()
REQUEST_URI=/joc_yii/joc/
in /home/soraiku/public_html/joc_yii/joc/protected/views/site/index.php (4)
in /home/soraiku/public_html/joc_yii/joc/protected/controllers/SiteController.php (37)
in /home/soraiku/public_html/joc_yii/joc/index.php (13)
2014/05/16 17:40:11 [error] [php] Trying to get property of non-object (/home/soraiku/public_html/joc_yii/joc/protected/views/site/index.php:4)
Stack trace:
#0 /home/soraiku/public_html/joc_yii/yii/framework/web/CController.php(869): SiteController->renderFile()
#1 /home/soraiku/public_html/joc_yii/yii/framework/web/CController.php(782): SiteController->renderPartial()
#2 /home/soraiku/public_html/joc_yii/joc/protected/controllers/SiteController.php(37): SiteController->render()
#3 /home/soraiku/public_html/joc_yii/yii/framework/web/actions/CInlineAction.php(49): SiteController->actionIndex()
#4 /home/soraiku/public_html/joc_yii/yii/framework/web/CController.php(308): CInlineAction->runWithParams()
#5 /home/soraiku/public_html/joc_yii/yii/framework/web/CController.php(286): SiteController->runAction()
#6 /home/soraiku/public_html/joc_yii/yii/framework/web/CController.php(265): SiteController->runActionWithFilters()
#7 /home/soraiku/public_html/joc_yii/yii/framework/web/CWebApplication.php(282): SiteController->run()
#8 /home/soraiku/public_html/joc_yii/yii/framework/web/CWebApplication.php(141): CWebApplication->runController()
#9 /home/soraiku/public_html/joc_yii/yii/framework/base/CApplication.php(180): CWebApplication->processRequest()
#10 /home/soraiku/public_html/joc_yii/joc/index.php(13): CWebApplication->run()
REQUEST_URI=/joc_yii/joc/
in /home/soraiku/public_html/joc_yii/joc/protected/views/site/index.php (4)
in /home/soraiku/public_html/joc_yii/joc/protected/controllers/SiteController.php (37)
in /home/soraiku/public_html/joc_yii/joc/index.php (13)
2014/05/16 17:40:12 [error] [php] Trying to get property of non-object (/home/soraiku/public_html/joc_yii/joc/protected/views/site/index.php:4)
Stack trace:
#0 /home/soraiku/public_html/joc_yii/yii/framework/web/CController.php(869): SiteController->renderFile()
#1 /home/soraiku/public_html/joc_yii/yii/framework/web/CController.php(782): SiteController->renderPartial()
#2 /home/soraiku/public_html/joc_yii/joc/protected/controllers/SiteController.php(37): SiteController->render()
#3 /home/soraiku/public_html/joc_yii/yii/framework/web/actions/CInlineAction.php(49): SiteController->actionIndex()
#4 /home/soraiku/public_html/joc_yii/yii/framework/web/CController.php(308): CInlineAction->runWithParams()
#5 /home/soraiku/public_html/joc_yii/yii/framework/web/CController.php(286): SiteController->runAction()
#6 /home/soraiku/public_html/joc_yii/yii/framework/web/CController.php(265): SiteController->runActionWithFilters()
#7 /home/soraiku/public_html/joc_yii/yii/framework/web/CWebApplication.php(282): SiteController->run()
#8 /home/soraiku/public_html/joc_yii/yii/framework/web/CWebApplication.php(141): CWebApplication->runController()
#9 /home/soraiku/public_html/joc_yii/yii/framework/base/CApplication.php(180): CWebApplication->processRequest()
#10 /home/soraiku/public_html/joc_yii/joc/index.php(13): CWebApplication->run()
REQUEST_URI=/joc_yii/joc/
in /home/soraiku/public_html/joc_yii/joc/protected/views/site/index.php (4)
in /home/soraiku/public_html/joc_yii/joc/protected/controllers/SiteController.php (37)
in /home/soraiku/public_html/joc_yii/joc/index.php (13)
2014/05/16 17:40:12 [error] [php] Trying to get property of non-object (/home/soraiku/public_html/joc_yii/joc/protected/views/site/index.php:4)
Stack trace:
#0 /home/soraiku/public_html/joc_yii/yii/framework/web/CController.php(869): SiteController->renderFile()
#1 /home/soraiku/public_html/joc_yii/yii/framework/web/CController.php(782): SiteController->renderPartial()
#2 /home/soraiku/public_html/joc_yii/joc/protected/controllers/SiteController.php(37): SiteController->render()
#3 /home/soraiku/public_html/joc_yii/yii/framework/web/actions/CInlineAction.php(49): SiteController->actionIndex()
#4 /home/soraiku/public_html/joc_yii/yii/framework/web/CController.php(308): CInlineAction->runWithParams()
#5 /home/soraiku/public_html/joc_yii/yii/framework/web/CController.php(286): SiteController->runAction()
#6 /home/soraiku/public_html/joc_yii/yii/framework/web/CController.php(265): SiteController->runActionWithFilters()
#7 /home/soraiku/public_html/joc_yii/yii/framework/web/CWebApplication.php(282): SiteController->run()
#8 /home/soraiku/public_html/joc_yii/yii/framework/web/CWebApplication.php(141): CWebApplication->runController()
#9 /home/soraiku/public_html/joc_yii/yii/framework/base/CApplication.php(180): CWebApplication->processRequest()
#10 /home/soraiku/public_html/joc_yii/joc/index.php(13): CWebApplication->run()
REQUEST_URI=/joc_yii/joc/
in /home/soraiku/public_html/joc_yii/joc/protected/views/site/index.php (4)
in /home/soraiku/public_html/joc_yii/joc/protected/controllers/SiteController.php (37)
in /home/soraiku/public_html/joc_yii/joc/index.php (13)
2014/05/16 17:40:12 [error] [php] Trying to get property of non-object (/home/soraiku/public_html/joc_yii/joc/protected/views/site/index.php:4)
Stack trace:
#0 /home/soraiku/public_html/joc_yii/yii/framework/web/CController.php(869): SiteController->renderFile()
#1 /home/soraiku/public_html/joc_yii/yii/framework/web/CController.php(782): SiteController->renderPartial()
#2 /home/soraiku/public_html/joc_yii/joc/protected/controllers/SiteController.php(37): SiteController->render()
#3 /home/soraiku/public_html/joc_yii/yii/framework/web/actions/CInlineAction.php(49): SiteController->actionIndex()
#4 /home/soraiku/public_html/joc_yii/yii/framework/web/CController.php(308): CInlineAction->runWithParams()
#5 /home/soraiku/public_html/joc_yii/yii/framework/web/CController.php(286): SiteController->runAction()
#6 /home/soraiku/public_html/joc_yii/yii/framework/web/CController.php(265): SiteController->runActionWithFilters()
#7 /home/soraiku/public_html/joc_yii/yii/framework/web/CWebApplication.php(282): SiteController->run()
#8 /home/soraiku/public_html/joc_yii/yii/framework/web/CWebApplication.php(141): CWebApplication->runController()
#9 /home/soraiku/public_html/joc_yii/yii/framework/base/CApplication.php(180): CWebApplication->processRequest()
#10 /home/soraiku/public_html/joc_yii/joc/index.php(13): CWebApplication->run()
REQUEST_URI=/joc_yii/joc/
in /home/soraiku/public_html/joc_yii/joc/protected/views/site/index.php (4)
in /home/soraiku/public_html/joc_yii/joc/protected/controllers/SiteController.php (37)
in /home/soraiku/public_html/joc_yii/joc/index.php (13)
2014/05/16 17:40:12 [error] [php] Trying to get property of non-object (/home/soraiku/public_html/joc_yii/joc/protected/views/site/index.php:4)
Stack trace:
#0 /home/soraiku/public_html/joc_yii/yii/framework/web/CController.php(869): SiteController->renderFile()
#1 /home/soraiku/public_html/joc_yii/yii/framework/web/CController.php(782): SiteController->renderPartial()
#2 /home/soraiku/public_html/joc_yii/joc/protected/controllers/SiteController.php(37): SiteController->render()
#3 /home/soraiku/public_html/joc_yii/yii/framework/web/actions/CInlineAction.php(49): SiteController->actionIndex()
#4 /home/soraiku/public_html/joc_yii/yii/framework/web/CController.php(308): CInlineAction->runWithParams()
#5 /home/soraiku/public_html/joc_yii/yii/framework/web/CController.php(286): SiteController->runAction()
#6 /home/soraiku/public_html/joc_yii/yii/framework/web/CController.php(265): SiteController->runActionWithFilters()
#7 /home/soraiku/public_html/joc_yii/yii/framework/web/CWebApplication.php(282): SiteController->run()
#8 /home/soraiku/public_html/joc_yii/yii/framework/web/CWebApplication.php(141): CWebApplication->runController()
#9 /home/soraiku/public_html/joc_yii/yii/framework/base/CApplication.php(180): CWebApplication->processRequest()
#10 /home/soraiku/public_html/joc_yii/joc/index.php(13): CWebApplication->run()
REQUEST_URI=/joc_yii/joc/
in /home/soraiku/public_html/joc_yii/joc/protected/views/site/index.php (4)
in /home/soraiku/public_html/joc_yii/joc/protected/controllers/SiteController.php (37)
in /home/soraiku/public_html/joc_yii/joc/index.php (13)
2014/05/16 17:40:12 [error] [php] Trying to get property of non-object (/home/soraiku/public_html/joc_yii/joc/protected/views/site/index.php:4)
Stack trace:
#0 /home/soraiku/public_html/joc_yii/yii/framework/web/CController.php(869): SiteController->renderFile()
#1 /home/soraiku/public_html/joc_yii/yii/framework/web/CController.php(782): SiteController->renderPartial()
#2 /home/soraiku/public_html/joc_yii/joc/protected/controllers/SiteController.php(37): SiteController->render()
#3 /home/soraiku/public_html/joc_yii/yii/framework/web/actions/CInlineAction.php(49): SiteController->actionIndex()
#4 /home/soraiku/public_html/joc_yii/yii/framework/web/CController.php(308): CInlineAction->runWithParams()
#5 /home/soraiku/public_html/joc_yii/yii/framework/web/CController.php(286): SiteController->runAction()
#6 /home/soraiku/public_html/joc_yii/yii/framework/web/CController.php(265): SiteController->runActionWithFilters()
#7 /home/soraiku/public_html/joc_yii/yii/framework/web/CWebApplication.php(282): SiteController->run()
#8 /home/soraiku/public_html/joc_yii/yii/framework/web/CWebApplication.php(141): CWebApplication->runController()
#9 /home/soraiku/public_html/joc_yii/yii/framework/base/CApplication.php(180): CWebApplication->processRequest()
#10 /home/soraiku/public_html/joc_yii/joc/index.php(13): CWebApplication->run()
REQUEST_URI=/joc_yii/joc/
in /home/soraiku/public_html/joc_yii/joc/protected/views/site/index.php (4)
in /home/soraiku/public_html/joc_yii/joc/protected/controllers/SiteController.php (37)
in /home/soraiku/public_html/joc_yii/joc/index.php (13)
2014/05/16 17:40:12 [error] [php] Trying to get property of non-object (/home/soraiku/public_html/joc_yii/joc/protected/views/site/index.php:4)
Stack trace:
#0 /home/soraiku/public_html/joc_yii/yii/framework/web/CController.php(869): SiteController->renderFile()
#1 /home/soraiku/public_html/joc_yii/yii/framework/web/CController.php(782): SiteController->renderPartial()
#2 /home/soraiku/public_html/joc_yii/joc/protected/controllers/SiteController.php(37): SiteController->render()
#3 /home/soraiku/public_html/joc_yii/yii/framework/web/actions/CInlineAction.php(49): SiteController->actionIndex()
#4 /home/soraiku/public_html/joc_yii/yii/framework/web/CController.php(308): CInlineAction->runWithParams()
#5 /home/soraiku/public_html/joc_yii/yii/framework/web/CController.php(286): SiteController->runAction()
#6 /home/soraiku/public_html/joc_yii/yii/framework/web/CController.php(265): SiteController->runActionWithFilters()
#7 /home/soraiku/public_html/joc_yii/yii/framework/web/CWebApplication.php(282): SiteController->run()
#8 /home/soraiku/public_html/joc_yii/yii/framework/web/CWebApplication.php(141): CWebApplication->runController()
#9 /home/soraiku/public_html/joc_yii/yii/framework/base/CApplication.php(180): CWebApplication->processRequest()
#10 /home/soraiku/public_html/joc_yii/joc/index.php(13): CWebApplication->run()
REQUEST_URI=/joc_yii/joc/
in /home/soraiku/public_html/joc_yii/joc/protected/views/site/index.php (4)
in /home/soraiku/public_html/joc_yii/joc/protected/controllers/SiteController.php (37)
in /home/soraiku/public_html/joc_yii/joc/index.php (13)
2014/05/16 17:40:12 [error] [php] Trying to get property of non-object (/home/soraiku/public_html/joc_yii/joc/protected/views/site/index.php:4)
Stack trace:
#0 /home/soraiku/public_html/joc_yii/yii/framework/web/CController.php(869): SiteController->renderFile()
#1 /home/soraiku/public_html/joc_yii/yii/framework/web/CController.php(782): SiteController->renderPartial()
#2 /home/soraiku/public_html/joc_yii/joc/protected/controllers/SiteController.php(37): SiteController->render()
#3 /home/soraiku/public_html/joc_yii/yii/framework/web/actions/CInlineAction.php(49): SiteController->actionIndex()
#4 /home/soraiku/public_html/joc_yii/yii/framework/web/CController.php(308): CInlineAction->runWithParams()
#5 /home/soraiku/public_html/joc_yii/yii/framework/web/CController.php(286): SiteController->runAction()
#6 /home/soraiku/public_html/joc_yii/yii/framework/web/CController.php(265): SiteController->runActionWithFilters()
#7 /home/soraiku/public_html/joc_yii/yii/framework/web/CWebApplication.php(282): SiteController->run()
#8 /home/soraiku/public_html/joc_yii/yii/framework/web/CWebApplication.php(141): CWebApplication->runController()
#9 /home/soraiku/public_html/joc_yii/yii/framework/base/CApplication.php(180): CWebApplication->processRequest()
#10 /home/soraiku/public_html/joc_yii/joc/index.php(13): CWebApplication->run()
REQUEST_URI=/joc_yii/joc/
in /home/soraiku/public_html/joc_yii/joc/protected/views/site/index.php (4)
in /home/soraiku/public_html/joc_yii/joc/protected/controllers/SiteController.php (37)
in /home/soraiku/public_html/joc_yii/joc/index.php (13)
2014/05/16 17:40:12 [error] [php] Trying to get property of non-object (/home/soraiku/public_html/joc_yii/joc/protected/views/site/index.php:4)
Stack trace:
#0 /home/soraiku/public_html/joc_yii/yii/framework/web/CController.php(869): SiteController->renderFile()
#1 /home/soraiku/public_html/joc_yii/yii/framework/web/CController.php(782): SiteController->renderPartial()
#2 /home/soraiku/public_html/joc_yii/joc/protected/controllers/SiteController.php(37): SiteController->render()
#3 /home/soraiku/public_html/joc_yii/yii/framework/web/actions/CInlineAction.php(49): SiteController->actionIndex()
#4 /home/soraiku/public_html/joc_yii/yii/framework/web/CController.php(308): CInlineAction->runWithParams()
#5 /home/soraiku/public_html/joc_yii/yii/framework/web/CController.php(286): SiteController->runAction()
#6 /home/soraiku/public_html/joc_yii/yii/framework/web/CController.php(265): SiteController->runActionWithFilters()
#7 /home/soraiku/public_html/joc_yii/yii/framework/web/CWebApplication.php(282): SiteController->run()
#8 /home/soraiku/public_html/joc_yii/yii/framework/web/CWebApplication.php(141): CWebApplication->runController()
#9 /home/soraiku/public_html/joc_yii/yii/framework/base/CApplication.php(180): CWebApplication->processRequest()
#10 /home/soraiku/public_html/joc_yii/joc/index.php(13): CWebApplication->run()
REQUEST_URI=/joc_yii/joc/
in /home/soraiku/public_html/joc_yii/joc/protected/views/site/index.php (4)
in /home/soraiku/public_html/joc_yii/joc/protected/controllers/SiteController.php (37)
in /home/soraiku/public_html/joc_yii/joc/index.php (13)
