2014/05/05 18:20:46 [error] [exception.CDbException] exception 'CDbException' with message 'CDbConnection failed to open the DB connection: SQLSTATE[28000] [1045] Access denied for user 'jugador'@'localhost' (using password: YES)' in /var/www/yii/framework/db/CDbConnection.php:382
Stack trace:
#0 /var/www/yii/framework/db/CDbConnection.php(330): CDbConnection->open()
#1 /var/www/yii/framework/db/CDbConnection.php(308): CDbConnection->setActive(true)
#2 /var/www/yii/framework/base/CModule.php(387): CDbConnection->init()
#3 /var/www/yii/framework/base/CModule.php(103): CModule->getComponent('db')
#4 /var/www/yii/framework/gii/generators/model/ModelCode.php(60): CModule->__get('db')
#5 /var/www/yii/framework/web/CFormModel.php(39): ModelCode->init()
#6 /var/www/yii/framework/gii/CCodeGenerator.php(153): CFormModel->__construct()
#7 /var/www/yii/framework/gii/CCodeGenerator.php(63): CCodeGenerator->prepare()
#8 /var/www/yii/framework/web/actions/CInlineAction.php(49): CCodeGenerator->actionIndex()
#9 /var/www/yii/framework/web/CController.php(308): CInlineAction->runWithParams(Array)
#10 /var/www/yii/framework/web/CController.php(286): CController->runAction(Object(CInlineAction))
#11 /var/www/yii/framework/web/CController.php(265): CController->runActionWithFilters(Object(CInlineAction), Array)
#12 /var/www/yii/framework/web/CWebApplication.php(282): CController->run('index')
#13 /var/www/yii/framework/web/CWebApplication.php(141): CWebApplication->runController('gii/model/index')
#14 /var/www/yii/framework/base/CApplication.php(180): CWebApplication->processRequest()
#15 /var/www/joc/index.php(13): CApplication->run()
#16 {main}
REQUEST_URI=/joc/index.php?r=gii/model/index
HTTP_REFERER=http://10.100.123.207/joc/index.php?r=gii/default/index
---
2014/05/05 18:24:23 [error] [system.db.CDbCommand] CDbCommand::fetchAll() failed: SQLSTATE[42S02]: Base table or view not found: 1146 Table 'joc.usuaris' doesn't exist. The SQL statement executed was: SHOW FULL COLUMNS FROM `usuaris`.
in /var/www/joc/index.php (13)
2014/05/05 18:30:42 [error] [exception.CHttpException.404] exception 'CHttpException' with message 'The system is unable to find the requested action "usuaris".' in /var/www/yii/framework/web/CController.php:483
Stack trace:
#0 /var/www/yii/framework/web/CController.php(270): CController->missingAction('usuaris')
#1 /var/www/yii/framework/web/CWebApplication.php(282): CController->run('usuaris')
#2 /var/www/yii/framework/web/CWebApplication.php(141): CWebApplication->runController('site/usuaris')
#3 /var/www/yii/framework/base/CApplication.php(180): CWebApplication->processRequest()
#4 /var/www/joc/index.php(13): CApplication->run()
#5 {main}
REQUEST_URI=/joc/index.php?r=site/usuaris
---
2014/05/06 16:27:30 [error] [exception.CHttpException.404] exception 'CHttpException' with message 'Unable to resolve the request "jugador".' in /var/www/yii/framework/web/CWebApplication.php:286
Stack trace:
#0 /var/www/yii/framework/web/CWebApplication.php(141): CWebApplication->runController('jugador')
#1 /var/www/yii/framework/base/CApplication.php(180): CWebApplication->processRequest()
#2 /var/www/joc/index.php(13): CApplication->run()
#3 {main}
REQUEST_URI=/joc/index.php?r=jugador
---
2014/05/06 16:27:33 [error] [exception.CHttpException.404] exception 'CHttpException' with message 'Unable to resolve the request "jugadors".' in /var/www/yii/framework/web/CWebApplication.php:286
Stack trace:
#0 /var/www/yii/framework/web/CWebApplication.php(141): CWebApplication->runController('jugadors')
#1 /var/www/yii/framework/base/CApplication.php(180): CWebApplication->processRequest()
#2 /var/www/joc/index.php(13): CApplication->run()
#3 {main}
REQUEST_URI=/joc/index.php?r=jugadors
---
